2024-07-29T12:15:13.876+03:00  WARN 4360 --- [auth-service] [main] ory$DuplicateJsonObjectContextCustomizer : 

Found multiple occurrences of org.json.JSONObject on the class path:

	jar:file:/C:/Users/Asus/.m2/repository/com/vaadin/external/google/android-json/0.0.20131108.vaadin1/android-json-0.0.20131108.vaadin1.jar!/org/json/JSONObject.class
	jar:file:/C:/Users/Asus/.m2/repository/org/json/json/20231013/json-20231013.jar!/org/json/JSONObject.class

You may wish to exclude one of them to ensure predictable runtime behavior

2024-07-29T12:15:13.903+03:00  INFO 4360 --- [auth-service] [main] f.a.c.AuthenticationControllerTest       : Starting AuthenticationControllerTest using Java 17 with PID 4360 (started by Asus in E:\Õóéíÿ\try2\FishingHelper\fishing-helper\auth-service)
2024-07-29T12:15:13.928+03:00  INFO 4360 --- [auth-service] [main] f.a.c.AuthenticationControllerTest       : No active profile set, falling back to 1 default profile: "default"
2024-07-29T12:15:13.959+03:00  INFO 4360 --- [auth-service] [main] o.s.c.c.c.ConfigServerConfigDataLoader   : Fetching config from server at : http://localhost:8888
2024-07-29T12:15:13.959+03:00  INFO 4360 --- [auth-service] [main] o.s.c.c.c.ConfigServerConfigDataLoader   : Exception on Url - http://localhost:8888:org.springframework.web.client.ResourceAccessException: I/O error on GET request for "http://localhost:8888/auth-service/default": Connection refused: no further information. Will be trying the next url if available
2024-07-29T12:15:13.960+03:00  WARN 4360 --- [auth-service] [main] o.s.c.c.c.ConfigServerConfigDataLoader   : Could not locate PropertySource ([ConfigServerConfigDataResource@26a2f7f9 uris = array<String>['http://localhost:8888'], optional = true, profiles = 'default']): I/O error on GET request for "http://localhost:8888/auth-service/default": Connection refused: no further information
2024-07-29T12:15:13.960+03:00  INFO 4360 --- [auth-service] [main] o.s.c.c.c.ConfigServerConfigDataLoader   : Fetching config from server at : http://localhost:8888
2024-07-29T12:15:13.960+03:00  INFO 4360 --- [auth-service] [main] o.s.c.c.c.ConfigServerConfigDataLoader   : Exception on Url - http://localhost:8888:org.springframework.web.client.ResourceAccessException: I/O error on GET request for "http://localhost:8888/auth-service/default": Connection refused: no further information. Will be trying the next url if available
2024-07-29T12:15:13.961+03:00  WARN 4360 --- [auth-service] [main] o.s.c.c.c.ConfigServerConfigDataLoader   : Could not locate PropertySource ([ConfigServerConfigDataResource@3cec79d3 uris = array<String>['http://localhost:8888'], optional = true, profiles = 'default']): I/O error on GET request for "http://localhost:8888/auth-service/default": Connection refused: no further information
2024-07-29T12:15:13.961+03:00  INFO 4360 --- [auth-service] [main] o.s.c.c.c.ConfigServerConfigDataLoader   : Fetching config from server at : http://localhost:8888
2024-07-29T12:15:13.961+03:00  INFO 4360 --- [auth-service] [main] o.s.c.c.c.ConfigServerConfigDataLoader   : Exception on Url - http://localhost:8888:org.springframework.web.client.ResourceAccessException: I/O error on GET request for "http://localhost:8888/auth-service/default": Connection refused: no further information. Will be trying the next url if available
2024-07-29T12:15:13.961+03:00  WARN 4360 --- [auth-service] [main] o.s.c.c.c.ConfigServerConfigDataLoader   : Could not locate PropertySource ([ConfigServerConfigDataResource@64b70919 uris = array<String>['http://localhost:8888'], optional = true, profiles = 'default']): I/O error on GET request for "http://localhost:8888/auth-service/default": Connection refused: no further information
2024-07-29T12:15:16.824+03:00  INFO 4360 --- [auth-service] [main] o.s.b.t.m.w.SpringBootMockServletContext : Initializing Spring TestDispatcherServlet ''
2024-07-29T12:15:16.825+03:00  INFO 4360 --- [auth-service] [main] o.s.t.web.servlet.TestDispatcherServlet  : Initializing Servlet ''
2024-07-29T12:15:16.827+03:00  INFO 4360 --- [auth-service] [main] o.s.t.web.servlet.TestDispatcherServlet  : Completed initialization in 1 ms
2024-07-29T12:15:16.860+03:00  INFO 4360 --- [auth-service] [main] f.a.c.AuthenticationControllerTest       : Started AuthenticationControllerTest in 4.418 seconds (process running for 5.623)
2024-07-29T12:15:17.496+03:00  WARN 4360 --- [auth-service] [main] ory$DuplicateJsonObjectContextCustomizer : 

Found multiple occurrences of org.json.JSONObject on the class path:

	jar:file:/C:/Users/Asus/.m2/repository/com/vaadin/external/google/android-json/0.0.20131108.vaadin1/android-json-0.0.20131108.vaadin1.jar!/org/json/JSONObject.class
	jar:file:/C:/Users/Asus/.m2/repository/org/json/json/20231013/json-20231013.jar!/org/json/JSONObject.class

You may wish to exclude one of them to ensure predictable runtime behavior

2024-07-29T12:15:17.498+03:00  INFO 4360 --- [auth-service] [main] f.a.c.RegistrationControllerTest         : Starting RegistrationControllerTest using Java 17 with PID 4360 (started by Asus in E:\Õóéíÿ\try2\FishingHelper\fishing-helper\auth-service)
2024-07-29T12:15:17.499+03:00  INFO 4360 --- [auth-service] [main] f.a.c.RegistrationControllerTest         : No active profile set, falling back to 1 default profile: "default"
2024-07-29T12:15:17.502+03:00  INFO 4360 --- [auth-service] [main] o.s.c.c.c.ConfigServerConfigDataLoader   : Fetching config from server at : http://localhost:8888
2024-07-29T12:15:17.502+03:00  INFO 4360 --- [auth-service] [main] o.s.c.c.c.ConfigServerConfigDataLoader   : Exception on Url - http://localhost:8888:org.springframework.web.client.ResourceAccessException: I/O error on GET request for "http://localhost:8888/auth-service/default": Connection refused: no further information. Will be trying the next url if available
2024-07-29T12:15:17.502+03:00  WARN 4360 --- [auth-service] [main] o.s.c.c.c.ConfigServerConfigDataLoader   : Could not locate PropertySource ([ConfigServerConfigDataResource@4feec184 uris = array<String>['http://localhost:8888'], optional = true, profiles = 'default']): I/O error on GET request for "http://localhost:8888/auth-service/default": Connection refused: no further information
2024-07-29T12:15:17.503+03:00  INFO 4360 --- [auth-service] [main] o.s.c.c.c.ConfigServerConfigDataLoader   : Fetching config from server at : http://localhost:8888
2024-07-29T12:15:17.503+03:00  INFO 4360 --- [auth-service] [main] o.s.c.c.c.ConfigServerConfigDataLoader   : Exception on Url - http://localhost:8888:org.springframework.web.client.ResourceAccessException: I/O error on GET request for "http://localhost:8888/auth-service/default": Connection refused: no further information. Will be trying the next url if available
2024-07-29T12:15:17.503+03:00  WARN 4360 --- [auth-service] [main] o.s.c.c.c.ConfigServerConfigDataLoader   : Could not locate PropertySource ([ConfigServerConfigDataResource@5e055ce1 uris = array<String>['http://localhost:8888'], optional = true, profiles = 'default']): I/O error on GET request for "http://localhost:8888/auth-service/default": Connection refused: no further information
2024-07-29T12:15:17.503+03:00  INFO 4360 --- [auth-service] [main] o.s.c.c.c.ConfigServerConfigDataLoader   : Fetching config from server at : http://localhost:8888
2024-07-29T12:15:17.503+03:00  INFO 4360 --- [auth-service] [main] o.s.c.c.c.ConfigServerConfigDataLoader   : Exception on Url - http://localhost:8888:org.springframework.web.client.ResourceAccessException: I/O error on GET request for "http://localhost:8888/auth-service/default": Connection refused: no further information. Will be trying the next url if available
2024-07-29T12:15:17.503+03:00  WARN 4360 --- [auth-service] [main] o.s.c.c.c.ConfigServerConfigDataLoader   : Could not locate PropertySource ([ConfigServerConfigDataResource@3278d065 uris = array<String>['http://localhost:8888'], optional = true, profiles = 'default']): I/O error on GET request for "http://localhost:8888/auth-service/default": Connection refused: no further information
2024-07-29T12:15:17.810+03:00  INFO 4360 --- [auth-service] [main] o.s.b.t.m.w.SpringBootMockServletContext : Initializing Spring TestDispatcherServlet ''
2024-07-29T12:15:17.810+03:00  INFO 4360 --- [auth-service] [main] o.s.t.web.servlet.TestDispatcherServlet  : Initializing Servlet ''
2024-07-29T12:15:17.811+03:00  INFO 4360 --- [auth-service] [main] o.s.t.web.servlet.TestDispatcherServlet  : Completed initialization in 1 ms
2024-07-29T12:15:17.820+03:00  INFO 4360 --- [auth-service] [main] f.a.c.RegistrationControllerTest         : Started RegistrationControllerTest in 0.637 seconds (process running for 6.584)
2024-07-29T12:15:18.186+03:00  WARN 4360 --- [auth-service] [main] ory$DuplicateJsonObjectContextCustomizer : 

Found multiple occurrences of org.json.JSONObject on the class path:

	jar:file:/C:/Users/Asus/.m2/repository/com/vaadin/external/google/android-json/0.0.20131108.vaadin1/android-json-0.0.20131108.vaadin1.jar!/org/json/JSONObject.class
	jar:file:/C:/Users/Asus/.m2/repository/org/json/json/20231013/json-20231013.jar!/org/json/JSONObject.class

You may wish to exclude one of them to ensure predictable runtime behavior

2024-07-29T12:15:18.188+03:00  INFO 4360 --- [auth-service] [main] f.auth_service.mapper.UserMapperTest     : Starting UserMapperTest using Java 17 with PID 4360 (started by Asus in E:\Õóéíÿ\try2\FishingHelper\fishing-helper\auth-service)
2024-07-29T12:15:18.189+03:00  INFO 4360 --- [auth-service] [main] f.auth_service.mapper.UserMapperTest     : No active profile set, falling back to 1 default profile: "default"
2024-07-29T12:15:18.191+03:00  INFO 4360 --- [auth-service] [main] o.s.c.c.c.ConfigServerConfigDataLoader   : Fetching config from server at : http://localhost:8888
2024-07-29T12:15:18.191+03:00  INFO 4360 --- [auth-service] [main] o.s.c.c.c.ConfigServerConfigDataLoader   : Exception on Url - http://localhost:8888:org.springframework.web.client.ResourceAccessException: I/O error on GET request for "http://localhost:8888/auth-service/default": Connection refused: no further information. Will be trying the next url if available
2024-07-29T12:15:18.192+03:00  WARN 4360 --- [auth-service] [main] o.s.c.c.c.ConfigServerConfigDataLoader   : Could not locate PropertySource ([ConfigServerConfigDataResource@4e02f17d uris = array<String>['http://localhost:8888'], optional = true, profiles = 'default']): I/O error on GET request for "http://localhost:8888/auth-service/default": Connection refused: no further information
2024-07-29T12:15:18.192+03:00  INFO 4360 --- [auth-service] [main] o.s.c.c.c.ConfigServerConfigDataLoader   : Fetching config from server at : http://localhost:8888
2024-07-29T12:15:18.192+03:00  INFO 4360 --- [auth-service] [main] o.s.c.c.c.ConfigServerConfigDataLoader   : Exception on Url - http://localhost:8888:org.springframework.web.client.ResourceAccessException: I/O error on GET request for "http://localhost:8888/auth-service/default": Connection refused: no further information. Will be trying the next url if available
2024-07-29T12:15:18.192+03:00  WARN 4360 --- [auth-service] [main] o.s.c.c.c.ConfigServerConfigDataLoader   : Could not locate PropertySource ([ConfigServerConfigDataResource@675230cd uris = array<String>['http://localhost:8888'], optional = true, profiles = 'default']): I/O error on GET request for "http://localhost:8888/auth-service/default": Connection refused: no further information
2024-07-29T12:15:18.192+03:00  INFO 4360 --- [auth-service] [main] o.s.c.c.c.ConfigServerConfigDataLoader   : Fetching config from server at : http://localhost:8888
2024-07-29T12:15:18.192+03:00  INFO 4360 --- [auth-service] [main] o.s.c.c.c.ConfigServerConfigDataLoader   : Exception on Url - http://localhost:8888:org.springframework.web.client.ResourceAccessException: I/O error on GET request for "http://localhost:8888/auth-service/default": Connection refused: no further information. Will be trying the next url if available
2024-07-29T12:15:18.192+03:00  WARN 4360 --- [auth-service] [main] o.s.c.c.c.ConfigServerConfigDataLoader   : Could not locate PropertySource ([ConfigServerConfigDataResource@2a73a64f uris = array<String>['http://localhost:8888'], optional = true, profiles = 'default']): I/O error on GET request for "http://localhost:8888/auth-service/default": Connection refused: no further information
2024-07-29T12:15:18.199+03:00  INFO 4360 --- [auth-service] [main] f.auth_service.mapper.UserMapperTest     : Started UserMapperTest in 0.265 seconds (process running for 6.964)
2024-07-29T12:15:18.635+03:00  INFO 4360 --- [auth-service] [main] f.a.service.AuthorizationService         : Authorizing user: testuser
2024-07-29T12:15:18.639+03:00  INFO 4360 --- [auth-service] [main] f.a.service.AuthorizationService         : User testuser password authorized successfully
2024-07-29T12:15:19.152+03:00  INFO 4360 --- [auth-service] [main] f.a.service.AuthorizationService         : Token refreshed successfully for user testuser
2024-07-29T12:15:19.242+03:00  INFO 4360 --- [auth-service] [main] f.a.service.RegistrationService          : User successfully registered
2024-07-29T12:15:19.249+03:00  INFO 4360 --- [auth-service] [main] f.a.service.RegistrationService          : User confirm mail ....
2024-07-29T12:15:19.249+03:00  INFO 4360 --- [auth-service] [main] f.a.service.RegistrationService          : User successfully confirm mail
2024-07-29T15:36:08.623+03:00  WARN 4656 --- [auth-service] [main] ory$DuplicateJsonObjectContextCustomizer : 

Found multiple occurrences of org.json.JSONObject on the class path:

	jar:file:/C:/Users/Asus/.m2/repository/com/vaadin/external/google/android-json/0.0.20131108.vaadin1/android-json-0.0.20131108.vaadin1.jar!/org/json/JSONObject.class
	jar:file:/C:/Users/Asus/.m2/repository/org/json/json/20231013/json-20231013.jar!/org/json/JSONObject.class

You may wish to exclude one of them to ensure predictable runtime behavior

2024-07-29T15:36:08.744+03:00  INFO 4656 --- [auth-service] [main] f.a.c.AuthenticationControllerTest       : Starting AuthenticationControllerTest using Java 17 with PID 4656 (started by Asus in E:\Õóéíÿ\try2\FishingHelper\fishing-helper\auth-service)
2024-07-29T15:36:08.746+03:00  INFO 4656 --- [auth-service] [main] f.a.c.AuthenticationControllerTest       : No active profile set, falling back to 1 default profile: "default"
2024-07-29T15:36:11.563+03:00  INFO 4656 --- [auth-service] [main] o.s.b.t.m.w.SpringBootMockServletContext : Initializing Spring TestDispatcherServlet ''
2024-07-29T15:36:11.563+03:00  INFO 4656 --- [auth-service] [main] o.s.t.web.servlet.TestDispatcherServlet  : Initializing Servlet ''
2024-07-29T15:36:11.565+03:00  INFO 4656 --- [auth-service] [main] o.s.t.web.servlet.TestDispatcherServlet  : Completed initialization in 1 ms
2024-07-29T15:36:11.597+03:00  INFO 4656 --- [auth-service] [main] f.a.c.AuthenticationControllerTest       : Started AuthenticationControllerTest in 3.75 seconds (process running for 5.001)
2024-07-29T15:36:12.222+03:00  WARN 4656 --- [auth-service] [main] ory$DuplicateJsonObjectContextCustomizer : 

Found multiple occurrences of org.json.JSONObject on the class path:

	jar:file:/C:/Users/Asus/.m2/repository/com/vaadin/external/google/android-json/0.0.20131108.vaadin1/android-json-0.0.20131108.vaadin1.jar!/org/json/JSONObject.class
	jar:file:/C:/Users/Asus/.m2/repository/org/json/json/20231013/json-20231013.jar!/org/json/JSONObject.class

You may wish to exclude one of them to ensure predictable runtime behavior

2024-07-29T15:36:12.227+03:00  INFO 4656 --- [auth-service] [main] f.a.c.RegistrationControllerTest         : Starting RegistrationControllerTest using Java 17 with PID 4656 (started by Asus in E:\Õóéíÿ\try2\FishingHelper\fishing-helper\auth-service)
2024-07-29T15:36:12.227+03:00  INFO 4656 --- [auth-service] [main] f.a.c.RegistrationControllerTest         : No active profile set, falling back to 1 default profile: "default"
2024-07-29T15:36:12.563+03:00  INFO 4656 --- [auth-service] [main] o.s.b.t.m.w.SpringBootMockServletContext : Initializing Spring TestDispatcherServlet ''
2024-07-29T15:36:12.564+03:00  INFO 4656 --- [auth-service] [main] o.s.t.web.servlet.TestDispatcherServlet  : Initializing Servlet ''
2024-07-29T15:36:12.565+03:00  INFO 4656 --- [auth-service] [main] o.s.t.web.servlet.TestDispatcherServlet  : Completed initialization in 1 ms
2024-07-29T15:36:12.572+03:00  INFO 4656 --- [auth-service] [main] f.a.c.RegistrationControllerTest         : Started RegistrationControllerTest in 0.605 seconds (process running for 5.976)
2024-07-29T15:36:12.921+03:00  WARN 4656 --- [auth-service] [main] ory$DuplicateJsonObjectContextCustomizer : 

Found multiple occurrences of org.json.JSONObject on the class path:

	jar:file:/C:/Users/Asus/.m2/repository/com/vaadin/external/google/android-json/0.0.20131108.vaadin1/android-json-0.0.20131108.vaadin1.jar!/org/json/JSONObject.class
	jar:file:/C:/Users/Asus/.m2/repository/org/json/json/20231013/json-20231013.jar!/org/json/JSONObject.class

You may wish to exclude one of them to ensure predictable runtime behavior

2024-07-29T15:36:12.925+03:00  INFO 4656 --- [auth-service] [main] f.auth_service.mapper.UserMapperTest     : Starting UserMapperTest using Java 17 with PID 4656 (started by Asus in E:\Õóéíÿ\try2\FishingHelper\fishing-helper\auth-service)
2024-07-29T15:36:12.925+03:00  INFO 4656 --- [auth-service] [main] f.auth_service.mapper.UserMapperTest     : No active profile set, falling back to 1 default profile: "default"
2024-07-29T15:36:12.935+03:00  INFO 4656 --- [auth-service] [main] f.auth_service.mapper.UserMapperTest     : Started UserMapperTest in 0.256 seconds (process running for 6.338)
2024-07-29T15:36:13.352+03:00  INFO 4656 --- [auth-service] [main] f.a.service.AuthorizationService         : Authorizing user: testuser
2024-07-29T15:36:13.354+03:00  INFO 4656 --- [auth-service] [main] f.a.service.AuthorizationService         : User testuser password authorized successfully
2024-07-29T15:36:13.846+03:00  INFO 4656 --- [auth-service] [main] f.a.service.AuthorizationService         : Token refreshed successfully for user testuser
2024-07-29T15:36:13.937+03:00  INFO 4656 --- [auth-service] [main] f.a.service.RegistrationService          : User successfully registered
2024-07-29T15:36:13.941+03:00  INFO 4656 --- [auth-service] [main] f.a.service.RegistrationService          : User confirm mail ....
2024-07-29T15:36:13.941+03:00  INFO 4656 --- [auth-service] [main] f.a.service.RegistrationService          : User successfully confirm mail
2024-07-29T15:49:21.736+03:00  WARN 35484 --- [auth-service] [main] ory$DuplicateJsonObjectContextCustomizer : 

Found multiple occurrences of org.json.JSONObject on the class path:

	jar:file:/C:/Users/Asus/.m2/repository/com/vaadin/external/google/android-json/0.0.20131108.vaadin1/android-json-0.0.20131108.vaadin1.jar!/org/json/JSONObject.class
	jar:file:/C:/Users/Asus/.m2/repository/org/json/json/20231013/json-20231013.jar!/org/json/JSONObject.class

You may wish to exclude one of them to ensure predictable runtime behavior

2024-07-29T15:49:21.855+03:00  INFO 35484 --- [auth-service] [main] f.a.c.AuthenticationControllerTest       : Starting AuthenticationControllerTest using Java 17 with PID 35484 (started by Asus in E:\Õóéíÿ\try2\FishingHelper\fishing-helper\auth-service)
2024-07-29T15:49:21.857+03:00  INFO 35484 --- [auth-service] [main] f.a.c.AuthenticationControllerTest       : No active profile set, falling back to 1 default profile: "default"
2024-07-29T15:49:25.602+03:00  INFO 35484 --- [auth-service] [main] o.s.b.t.m.w.SpringBootMockServletContext : Initializing Spring TestDispatcherServlet ''
2024-07-29T15:49:25.603+03:00  INFO 35484 --- [auth-service] [main] o.s.t.web.servlet.TestDispatcherServlet  : Initializing Servlet ''
2024-07-29T15:49:25.605+03:00  INFO 35484 --- [auth-service] [main] o.s.t.web.servlet.TestDispatcherServlet  : Completed initialization in 2 ms
2024-07-29T15:49:25.671+03:00  INFO 35484 --- [auth-service] [main] f.a.c.AuthenticationControllerTest       : Started AuthenticationControllerTest in 4.962 seconds (process running for 6.459)
2024-07-29T15:49:26.517+03:00  WARN 35484 --- [auth-service] [main] ory$DuplicateJsonObjectContextCustomizer : 

Found multiple occurrences of org.json.JSONObject on the class path:

	jar:file:/C:/Users/Asus/.m2/repository/com/vaadin/external/google/android-json/0.0.20131108.vaadin1/android-json-0.0.20131108.vaadin1.jar!/org/json/JSONObject.class
	jar:file:/C:/Users/Asus/.m2/repository/org/json/json/20231013/json-20231013.jar!/org/json/JSONObject.class

You may wish to exclude one of them to ensure predictable runtime behavior

2024-07-29T15:49:26.544+03:00  INFO 35484 --- [auth-service] [main] f.a.c.RegistrationControllerTest         : Starting RegistrationControllerTest using Java 17 with PID 35484 (started by Asus in E:\Õóéíÿ\try2\FishingHelper\fishing-helper\auth-service)
2024-07-29T15:49:26.546+03:00  INFO 35484 --- [auth-service] [main] f.a.c.RegistrationControllerTest         : No active profile set, falling back to 1 default profile: "default"
2024-07-29T15:49:27.105+03:00  INFO 35484 --- [auth-service] [main] o.s.b.t.m.w.SpringBootMockServletContext : Initializing Spring TestDispatcherServlet ''
2024-07-29T15:49:27.106+03:00  INFO 35484 --- [auth-service] [main] o.s.t.web.servlet.TestDispatcherServlet  : Initializing Servlet ''
2024-07-29T15:49:27.107+03:00  INFO 35484 --- [auth-service] [main] o.s.t.web.servlet.TestDispatcherServlet  : Completed initialization in 1 ms
2024-07-29T15:49:27.115+03:00  INFO 35484 --- [auth-service] [main] f.a.c.RegistrationControllerTest         : Started RegistrationControllerTest in 0.998 seconds (process running for 7.902)
2024-07-29T15:49:27.705+03:00  WARN 35484 --- [auth-service] [main] ory$DuplicateJsonObjectContextCustomizer : 

Found multiple occurrences of org.json.JSONObject on the class path:

	jar:file:/C:/Users/Asus/.m2/repository/com/vaadin/external/google/android-json/0.0.20131108.vaadin1/android-json-0.0.20131108.vaadin1.jar!/org/json/JSONObject.class
	jar:file:/C:/Users/Asus/.m2/repository/org/json/json/20231013/json-20231013.jar!/org/json/JSONObject.class

You may wish to exclude one of them to ensure predictable runtime behavior

2024-07-29T15:49:27.714+03:00  INFO 35484 --- [auth-service] [main] f.auth_service.mapper.UserMapperTest     : Starting UserMapperTest using Java 17 with PID 35484 (started by Asus in E:\Õóéíÿ\try2\FishingHelper\fishing-helper\auth-service)
2024-07-29T15:49:27.715+03:00  INFO 35484 --- [auth-service] [main] f.auth_service.mapper.UserMapperTest     : No active profile set, falling back to 1 default profile: "default"
2024-07-29T15:49:27.733+03:00  INFO 35484 --- [auth-service] [main] f.auth_service.mapper.UserMapperTest     : Started UserMapperTest in 0.525 seconds (process running for 8.52)
2024-07-29T15:49:28.574+03:00  INFO 35484 --- [auth-service] [main] f.a.service.AuthorizationService         : Authorizing user: testuser
2024-07-29T15:49:28.578+03:00  INFO 35484 --- [auth-service] [main] f.a.service.AuthorizationService         : User testuser password authorized successfully
2024-07-29T15:49:29.048+03:00  INFO 35484 --- [auth-service] [main] f.a.service.AuthorizationService         : Token refreshed successfully for user testuser
2024-07-29T15:49:29.197+03:00  INFO 35484 --- [auth-service] [main] f.a.service.RegistrationService          : User successfully registered
2024-07-29T15:49:29.206+03:00  INFO 35484 --- [auth-service] [main] f.a.service.RegistrationService          : User confirm mail ....
2024-07-29T15:49:29.207+03:00  INFO 35484 --- [auth-service] [main] f.a.service.RegistrationService          : User successfully confirm mail
2024-07-29T15:50:30.851+03:00  WARN 35704 --- [auth-service] [main] ory$DuplicateJsonObjectContextCustomizer : 

Found multiple occurrences of org.json.JSONObject on the class path:

	jar:file:/C:/Users/Asus/.m2/repository/com/vaadin/external/google/android-json/0.0.20131108.vaadin1/android-json-0.0.20131108.vaadin1.jar!/org/json/JSONObject.class
	jar:file:/C:/Users/Asus/.m2/repository/org/json/json/20231013/json-20231013.jar!/org/json/JSONObject.class

You may wish to exclude one of them to ensure predictable runtime behavior

2024-07-29T15:50:30.879+03:00  INFO 35704 --- [auth-service] [main] f.a.c.AuthenticationControllerTest       : Starting AuthenticationControllerTest using Java 17 with PID 35704 (started by Asus in E:\Õóéíÿ\try2\FishingHelper\fishing-helper\auth-service)
2024-07-29T15:50:30.881+03:00  INFO 35704 --- [auth-service] [main] f.a.c.AuthenticationControllerTest       : No active profile set, falling back to 1 default profile: "default"
2024-07-29T15:50:34.437+03:00  INFO 35704 --- [auth-service] [main] o.s.b.t.m.w.SpringBootMockServletContext : Initializing Spring TestDispatcherServlet ''
2024-07-29T15:50:34.438+03:00  INFO 35704 --- [auth-service] [main] o.s.t.web.servlet.TestDispatcherServlet  : Initializing Servlet ''
2024-07-29T15:50:34.440+03:00  INFO 35704 --- [auth-service] [main] o.s.t.web.servlet.TestDispatcherServlet  : Completed initialization in 2 ms
2024-07-29T15:50:34.473+03:00  INFO 35704 --- [auth-service] [main] f.a.c.AuthenticationControllerTest       : Started AuthenticationControllerTest in 4.401 seconds (process running for 5.997)
2024-07-29T15:50:35.140+03:00  WARN 35704 --- [auth-service] [main] ory$DuplicateJsonObjectContextCustomizer : 

Found multiple occurrences of org.json.JSONObject on the class path:

	jar:file:/C:/Users/Asus/.m2/repository/com/vaadin/external/google/android-json/0.0.20131108.vaadin1/android-json-0.0.20131108.vaadin1.jar!/org/json/JSONObject.class
	jar:file:/C:/Users/Asus/.m2/repository/org/json/json/20231013/json-20231013.jar!/org/json/JSONObject.class

You may wish to exclude one of them to ensure predictable runtime behavior

2024-07-29T15:50:35.145+03:00  INFO 35704 --- [auth-service] [main] f.a.c.RegistrationControllerTest         : Starting RegistrationControllerTest using Java 17 with PID 35704 (started by Asus in E:\Õóéíÿ\try2\FishingHelper\fishing-helper\auth-service)
2024-07-29T15:50:35.146+03:00  INFO 35704 --- [auth-service] [main] f.a.c.RegistrationControllerTest         : No active profile set, falling back to 1 default profile: "default"
2024-07-29T15:50:35.547+03:00  INFO 35704 --- [auth-service] [main] o.s.b.t.m.w.SpringBootMockServletContext : Initializing Spring TestDispatcherServlet ''
2024-07-29T15:50:35.548+03:00  INFO 35704 --- [auth-service] [main] o.s.t.web.servlet.TestDispatcherServlet  : Initializing Servlet ''
2024-07-29T15:50:35.549+03:00  INFO 35704 --- [auth-service] [main] o.s.t.web.servlet.TestDispatcherServlet  : Completed initialization in 1 ms
2024-07-29T15:50:35.563+03:00  INFO 35704 --- [auth-service] [main] f.a.c.RegistrationControllerTest         : Started RegistrationControllerTest in 0.703 seconds (process running for 7.086)
2024-07-29T15:50:35.987+03:00  WARN 35704 --- [auth-service] [main] ory$DuplicateJsonObjectContextCustomizer : 

Found multiple occurrences of org.json.JSONObject on the class path:

	jar:file:/C:/Users/Asus/.m2/repository/com/vaadin/external/google/android-json/0.0.20131108.vaadin1/android-json-0.0.20131108.vaadin1.jar!/org/json/JSONObject.class
	jar:file:/C:/Users/Asus/.m2/repository/org/json/json/20231013/json-20231013.jar!/org/json/JSONObject.class

You may wish to exclude one of them to ensure predictable runtime behavior

2024-07-29T15:50:35.994+03:00  INFO 35704 --- [auth-service] [main] f.auth_service.mapper.UserMapperTest     : Starting UserMapperTest using Java 17 with PID 35704 (started by Asus in E:\Õóéíÿ\try2\FishingHelper\fishing-helper\auth-service)
2024-07-29T15:50:35.995+03:00  INFO 35704 --- [auth-service] [main] f.auth_service.mapper.UserMapperTest     : No active profile set, falling back to 1 default profile: "default"
2024-07-29T15:50:36.041+03:00  INFO 35704 --- [auth-service] [main] f.auth_service.mapper.UserMapperTest     : Started UserMapperTest in 0.347 seconds (process running for 7.565)
2024-07-29T15:50:36.647+03:00  INFO 35704 --- [auth-service] [main] f.a.service.AuthorizationService         : Authorizing user: testuser
2024-07-29T15:50:36.650+03:00  INFO 35704 --- [auth-service] [main] f.a.service.AuthorizationService         : User testuser password authorized successfully
2024-07-29T15:50:36.902+03:00  INFO 35704 --- [auth-service] [main] f.a.service.AuthorizationService         : Token refreshed successfully for user testuser
2024-07-29T15:50:37.013+03:00  INFO 35704 --- [auth-service] [main] f.a.service.RegistrationService          : User successfully registered
2024-07-29T15:50:37.019+03:00  INFO 35704 --- [auth-service] [main] f.a.service.RegistrationService          : User confirm mail ....
2024-07-29T15:50:37.019+03:00  INFO 35704 --- [auth-service] [main] f.a.service.RegistrationService          : User successfully confirm mail
2024-07-29T15:51:16.634+03:00  WARN 25552 --- [auth-service] [main] ory$DuplicateJsonObjectContextCustomizer : 

Found multiple occurrences of org.json.JSONObject on the class path:

	jar:file:/C:/Users/Asus/.m2/repository/com/vaadin/external/google/android-json/0.0.20131108.vaadin1/android-json-0.0.20131108.vaadin1.jar!/org/json/JSONObject.class
	jar:file:/C:/Users/Asus/.m2/repository/org/json/json/20231013/json-20231013.jar!/org/json/JSONObject.class

You may wish to exclude one of them to ensure predictable runtime behavior

2024-07-29T15:51:16.667+03:00  INFO 25552 --- [auth-service] [main] f.a.c.AuthenticationControllerTest       : Starting AuthenticationControllerTest using Java 17 with PID 25552 (started by Asus in E:\Õóéíÿ\try2\FishingHelper\fishing-helper\auth-service)
2024-07-29T15:51:16.669+03:00  INFO 25552 --- [auth-service] [main] f.a.c.AuthenticationControllerTest       : No active profile set, falling back to 1 default profile: "default"
2024-07-29T15:51:19.763+03:00  INFO 25552 --- [auth-service] [main] o.s.b.t.m.w.SpringBootMockServletContext : Initializing Spring TestDispatcherServlet ''
2024-07-29T15:51:19.764+03:00  INFO 25552 --- [auth-service] [main] o.s.t.web.servlet.TestDispatcherServlet  : Initializing Servlet ''
2024-07-29T15:51:19.765+03:00  INFO 25552 --- [auth-service] [main] o.s.t.web.servlet.TestDispatcherServlet  : Completed initialization in 1 ms
2024-07-29T15:51:19.797+03:00  INFO 25552 --- [auth-service] [main] f.a.c.AuthenticationControllerTest       : Started AuthenticationControllerTest in 3.918 seconds (process running for 5.176)
2024-07-29T15:51:20.419+03:00  WARN 25552 --- [auth-service] [main] ory$DuplicateJsonObjectContextCustomizer : 

Found multiple occurrences of org.json.JSONObject on the class path:

	jar:file:/C:/Users/Asus/.m2/repository/com/vaadin/external/google/android-json/0.0.20131108.vaadin1/android-json-0.0.20131108.vaadin1.jar!/org/json/JSONObject.class
	jar:file:/C:/Users/Asus/.m2/repository/org/json/json/20231013/json-20231013.jar!/org/json/JSONObject.class

You may wish to exclude one of them to ensure predictable runtime behavior

2024-07-29T15:51:20.436+03:00  INFO 25552 --- [auth-service] [main] f.a.c.RegistrationControllerTest         : Starting RegistrationControllerTest using Java 17 with PID 25552 (started by Asus in E:\Õóéíÿ\try2\FishingHelper\fishing-helper\auth-service)
2024-07-29T15:51:20.437+03:00  INFO 25552 --- [auth-service] [main] f.a.c.RegistrationControllerTest         : No active profile set, falling back to 1 default profile: "default"
2024-07-29T15:51:20.744+03:00  INFO 25552 --- [auth-service] [main] o.s.b.t.m.w.SpringBootMockServletContext : Initializing Spring TestDispatcherServlet ''
2024-07-29T15:51:20.744+03:00  INFO 25552 --- [auth-service] [main] o.s.t.web.servlet.TestDispatcherServlet  : Initializing Servlet ''
2024-07-29T15:51:20.745+03:00  INFO 25552 --- [auth-service] [main] o.s.t.web.servlet.TestDispatcherServlet  : Completed initialization in 1 ms
2024-07-29T15:51:20.753+03:00  INFO 25552 --- [auth-service] [main] f.a.c.RegistrationControllerTest         : Started RegistrationControllerTest in 0.594 seconds (process running for 6.131)
2024-07-29T15:51:21.156+03:00  WARN 25552 --- [auth-service] [main] ory$DuplicateJsonObjectContextCustomizer : 

Found multiple occurrences of org.json.JSONObject on the class path:

	jar:file:/C:/Users/Asus/.m2/repository/com/vaadin/external/google/android-json/0.0.20131108.vaadin1/android-json-0.0.20131108.vaadin1.jar!/org/json/JSONObject.class
	jar:file:/C:/Users/Asus/.m2/repository/org/json/json/20231013/json-20231013.jar!/org/json/JSONObject.class

You may wish to exclude one of them to ensure predictable runtime behavior

2024-07-29T15:51:21.161+03:00  INFO 25552 --- [auth-service] [main] f.auth_service.mapper.UserMapperTest     : Starting UserMapperTest using Java 17 with PID 25552 (started by Asus in E:\Õóéíÿ\try2\FishingHelper\fishing-helper\auth-service)
2024-07-29T15:51:21.161+03:00  INFO 25552 --- [auth-service] [main] f.auth_service.mapper.UserMapperTest     : No active profile set, falling back to 1 default profile: "default"
2024-07-29T15:51:21.172+03:00  INFO 25552 --- [auth-service] [main] f.auth_service.mapper.UserMapperTest     : Started UserMapperTest in 0.26 seconds (process running for 6.551)
2024-07-29T15:51:21.589+03:00  INFO 25552 --- [auth-service] [main] f.a.service.AuthorizationService         : Authorizing user: testuser
2024-07-29T15:51:21.593+03:00  INFO 25552 --- [auth-service] [main] f.a.service.AuthorizationService         : User testuser password authorized successfully
2024-07-29T15:51:21.783+03:00  INFO 25552 --- [auth-service] [main] f.a.service.AuthorizationService         : Token refreshed successfully for user testuser
2024-07-29T15:51:21.877+03:00  INFO 25552 --- [auth-service] [main] f.a.service.RegistrationService          : User successfully registered
2024-07-29T15:51:21.882+03:00  INFO 25552 --- [auth-service] [main] f.a.service.RegistrationService          : User confirm mail ....
2024-07-29T15:51:21.883+03:00  INFO 25552 --- [auth-service] [main] f.a.service.RegistrationService          : User successfully confirm mail
2024-07-29T16:16:15.437+03:00  WARN 25396 --- [auth-service] [main] ory$DuplicateJsonObjectContextCustomizer : 

Found multiple occurrences of org.json.JSONObject on the class path:

	jar:file:/C:/Users/Asus/.m2/repository/com/vaadin/external/google/android-json/0.0.20131108.vaadin1/android-json-0.0.20131108.vaadin1.jar!/org/json/JSONObject.class
	jar:file:/C:/Users/Asus/.m2/repository/org/json/json/20231013/json-20231013.jar!/org/json/JSONObject.class

You may wish to exclude one of them to ensure predictable runtime behavior

2024-07-29T16:16:15.467+03:00  INFO 25396 --- [auth-service] [main] f.a.c.AuthenticationControllerTest       : Starting AuthenticationControllerTest using Java 17 with PID 25396 (started by Asus in E:\Õóéíÿ\try2\FishingHelper\fishing-helper\auth-service)
2024-07-29T16:16:15.469+03:00  INFO 25396 --- [auth-service] [main] f.a.c.AuthenticationControllerTest       : No active profile set, falling back to 1 default profile: "default"
2024-07-29T16:16:15.496+03:00  INFO 25396 --- [auth-service] [main] o.s.c.c.c.ConfigServerConfigDataLoader   : Fetching config from server at : http://localhost:8888
2024-07-29T16:16:15.496+03:00  INFO 25396 --- [auth-service] [main] o.s.c.c.c.ConfigServerConfigDataLoader   : Located environment: name=auth-service, profiles=[default], label=null, version=7d481024b6ee55cedac266eb0e78178308493b98, state=null
2024-07-29T16:16:18.276+03:00  INFO 25396 --- [auth-service] [main] o.s.b.t.m.w.SpringBootMockServletContext : Initializing Spring TestDispatcherServlet ''
2024-07-29T16:16:18.277+03:00  INFO 25396 --- [auth-service] [main] o.s.t.web.servlet.TestDispatcherServlet  : Initializing Servlet ''
2024-07-29T16:16:18.279+03:00  INFO 25396 --- [auth-service] [main] o.s.t.web.servlet.TestDispatcherServlet  : Completed initialization in 2 ms
2024-07-29T16:16:18.328+03:00  INFO 25396 --- [auth-service] [main] f.a.c.AuthenticationControllerTest       : Started AuthenticationControllerTest in 5.515 seconds (process running for 6.832)
2024-07-29T16:16:19.887+03:00  WARN 25396 --- [auth-service] [main] ory$DuplicateJsonObjectContextCustomizer : 

Found multiple occurrences of org.json.JSONObject on the class path:

	jar:file:/C:/Users/Asus/.m2/repository/com/vaadin/external/google/android-json/0.0.20131108.vaadin1/android-json-0.0.20131108.vaadin1.jar!/org/json/JSONObject.class
	jar:file:/C:/Users/Asus/.m2/repository/org/json/json/20231013/json-20231013.jar!/org/json/JSONObject.class

You may wish to exclude one of them to ensure predictable runtime behavior

2024-07-29T16:16:19.890+03:00  INFO 25396 --- [auth-service] [main] f.a.c.RegistrationControllerTest         : Starting RegistrationControllerTest using Java 17 with PID 25396 (started by Asus in E:\Õóéíÿ\try2\FishingHelper\fishing-helper\auth-service)
2024-07-29T16:16:19.890+03:00  INFO 25396 --- [auth-service] [main] f.a.c.RegistrationControllerTest         : No active profile set, falling back to 1 default profile: "default"
2024-07-29T16:16:19.892+03:00  INFO 25396 --- [auth-service] [main] o.s.c.c.c.ConfigServerConfigDataLoader   : Fetching config from server at : http://localhost:8888
2024-07-29T16:16:19.893+03:00  INFO 25396 --- [auth-service] [main] o.s.c.c.c.ConfigServerConfigDataLoader   : Located environment: name=auth-service, profiles=[default], label=null, version=7d481024b6ee55cedac266eb0e78178308493b98, state=null
2024-07-29T16:16:20.245+03:00  INFO 25396 --- [auth-service] [main] o.s.b.t.m.w.SpringBootMockServletContext : Initializing Spring TestDispatcherServlet ''
2024-07-29T16:16:20.245+03:00  INFO 25396 --- [auth-service] [main] o.s.t.web.servlet.TestDispatcherServlet  : Initializing Servlet ''
2024-07-29T16:16:20.246+03:00  INFO 25396 --- [auth-service] [main] o.s.t.web.servlet.TestDispatcherServlet  : Completed initialization in 1 ms
2024-07-29T16:16:20.254+03:00  INFO 25396 --- [auth-service] [main] f.a.c.RegistrationControllerTest         : Started RegistrationControllerTest in 1.585 seconds (process running for 8.758)
2024-07-29T16:16:21.549+03:00  WARN 25396 --- [auth-service] [main] ory$DuplicateJsonObjectContextCustomizer : 

Found multiple occurrences of org.json.JSONObject on the class path:

	jar:file:/C:/Users/Asus/.m2/repository/com/vaadin/external/google/android-json/0.0.20131108.vaadin1/android-json-0.0.20131108.vaadin1.jar!/org/json/JSONObject.class
	jar:file:/C:/Users/Asus/.m2/repository/org/json/json/20231013/json-20231013.jar!/org/json/JSONObject.class

You may wish to exclude one of them to ensure predictable runtime behavior

2024-07-29T16:16:21.552+03:00  INFO 25396 --- [auth-service] [main] f.auth_service.mapper.UserMapperTest     : Starting UserMapperTest using Java 17 with PID 25396 (started by Asus in E:\Õóéíÿ\try2\FishingHelper\fishing-helper\auth-service)
2024-07-29T16:16:21.552+03:00  INFO 25396 --- [auth-service] [main] f.auth_service.mapper.UserMapperTest     : No active profile set, falling back to 1 default profile: "default"
2024-07-29T16:16:21.554+03:00  INFO 25396 --- [auth-service] [main] o.s.c.c.c.ConfigServerConfigDataLoader   : Fetching config from server at : http://localhost:8888
2024-07-29T16:16:21.554+03:00  INFO 25396 --- [auth-service] [main] o.s.c.c.c.ConfigServerConfigDataLoader   : Located environment: name=auth-service, profiles=[default], label=null, version=7d481024b6ee55cedac266eb0e78178308493b98, state=null
2024-07-29T16:16:21.562+03:00  INFO 25396 --- [auth-service] [main] f.auth_service.mapper.UserMapperTest     : Started UserMapperTest in 1.181 seconds (process running for 10.066)
2024-07-29T16:16:21.969+03:00  INFO 25396 --- [auth-service] [main] f.a.service.AuthorizationService         : Authorizing user: testuser
2024-07-29T16:16:21.971+03:00  INFO 25396 --- [auth-service] [main] f.a.service.AuthorizationService         : User testuser password authorized successfully
2024-07-29T16:16:22.166+03:00  INFO 25396 --- [auth-service] [main] f.a.service.AuthorizationService         : Token refreshed successfully for user testuser
2024-07-29T16:16:22.260+03:00  INFO 25396 --- [auth-service] [main] f.a.service.RegistrationService          : User successfully registered
2024-07-29T16:16:22.266+03:00  INFO 25396 --- [auth-service] [main] f.a.service.RegistrationService          : User confirm mail ....
2024-07-29T16:16:22.266+03:00  INFO 25396 --- [auth-service] [main] f.a.service.RegistrationService          : User successfully confirm mail
2024-07-29T16:28:04.175+03:00  WARN 30272 --- [auth-service] [main] ory$DuplicateJsonObjectContextCustomizer : 

Found multiple occurrences of org.json.JSONObject on the class path:

	jar:file:/C:/Users/Asus/.m2/repository/com/vaadin/external/google/android-json/0.0.20131108.vaadin1/android-json-0.0.20131108.vaadin1.jar!/org/json/JSONObject.class
	jar:file:/C:/Users/Asus/.m2/repository/org/json/json/20231013/json-20231013.jar!/org/json/JSONObject.class

You may wish to exclude one of them to ensure predictable runtime behavior

2024-07-29T16:28:04.201+03:00  INFO 30272 --- [auth-service] [main] f.a.c.AuthenticationControllerTest       : Starting AuthenticationControllerTest using Java 17 with PID 30272 (started by Asus in E:\Õóéíÿ\try2\FishingHelper\fishing-helper\auth-service)
2024-07-29T16:28:04.203+03:00  INFO 30272 --- [auth-service] [main] f.a.c.AuthenticationControllerTest       : No active profile set, falling back to 1 default profile: "default"
2024-07-29T16:28:04.231+03:00  INFO 30272 --- [auth-service] [main] o.s.c.c.c.ConfigServerConfigDataLoader   : Fetching config from server at : http://localhost:8888
2024-07-29T16:28:04.232+03:00  INFO 30272 --- [auth-service] [main] o.s.c.c.c.ConfigServerConfigDataLoader   : Located environment: name=auth-service, profiles=[default], label=null, version=7d481024b6ee55cedac266eb0e78178308493b98, state=null
2024-07-29T16:28:06.889+03:00  INFO 30272 --- [auth-service] [main] o.s.b.t.m.w.SpringBootMockServletContext : Initializing Spring TestDispatcherServlet ''
2024-07-29T16:28:06.890+03:00  INFO 30272 --- [auth-service] [main] o.s.t.web.servlet.TestDispatcherServlet  : Initializing Servlet ''
2024-07-29T16:28:06.891+03:00  INFO 30272 --- [auth-service] [main] o.s.t.web.servlet.TestDispatcherServlet  : Completed initialization in 1 ms
2024-07-29T16:28:06.919+03:00  INFO 30272 --- [auth-service] [main] f.a.c.AuthenticationControllerTest       : Started AuthenticationControllerTest in 5.014 seconds (process running for 6.202)
2024-07-29T16:28:08.502+03:00  WARN 30272 --- [auth-service] [main] ory$DuplicateJsonObjectContextCustomizer : 

Found multiple occurrences of org.json.JSONObject on the class path:

	jar:file:/C:/Users/Asus/.m2/repository/com/vaadin/external/google/android-json/0.0.20131108.vaadin1/android-json-0.0.20131108.vaadin1.jar!/org/json/JSONObject.class
	jar:file:/C:/Users/Asus/.m2/repository/org/json/json/20231013/json-20231013.jar!/org/json/JSONObject.class

You may wish to exclude one of them to ensure predictable runtime behavior

2024-07-29T16:28:08.504+03:00  INFO 30272 --- [auth-service] [main] f.a.c.RegistrationControllerTest         : Starting RegistrationControllerTest using Java 17 with PID 30272 (started by Asus in E:\Õóéíÿ\try2\FishingHelper\fishing-helper\auth-service)
2024-07-29T16:28:08.505+03:00  INFO 30272 --- [auth-service] [main] f.a.c.RegistrationControllerTest         : No active profile set, falling back to 1 default profile: "default"
2024-07-29T16:28:08.507+03:00  INFO 30272 --- [auth-service] [main] o.s.c.c.c.ConfigServerConfigDataLoader   : Fetching config from server at : http://localhost:8888
2024-07-29T16:28:08.507+03:00  INFO 30272 --- [auth-service] [main] o.s.c.c.c.ConfigServerConfigDataLoader   : Located environment: name=auth-service, profiles=[default], label=null, version=7d481024b6ee55cedac266eb0e78178308493b98, state=null
2024-07-29T16:28:08.815+03:00  INFO 30272 --- [auth-service] [main] o.s.b.t.m.w.SpringBootMockServletContext : Initializing Spring TestDispatcherServlet ''
2024-07-29T16:28:08.815+03:00  INFO 30272 --- [auth-service] [main] o.s.t.web.servlet.TestDispatcherServlet  : Initializing Servlet ''
2024-07-29T16:28:08.816+03:00  INFO 30272 --- [auth-service] [main] o.s.t.web.servlet.TestDispatcherServlet  : Completed initialization in 1 ms
2024-07-29T16:28:08.826+03:00  INFO 30272 --- [auth-service] [main] f.a.c.RegistrationControllerTest         : Started RegistrationControllerTest in 1.609 seconds (process running for 8.108)
2024-07-29T16:28:10.053+03:00  WARN 30272 --- [auth-service] [main] ory$DuplicateJsonObjectContextCustomizer : 

Found multiple occurrences of org.json.JSONObject on the class path:

	jar:file:/C:/Users/Asus/.m2/repository/com/vaadin/external/google/android-json/0.0.20131108.vaadin1/android-json-0.0.20131108.vaadin1.jar!/org/json/JSONObject.class
	jar:file:/C:/Users/Asus/.m2/repository/org/json/json/20231013/json-20231013.jar!/org/json/JSONObject.class

You may wish to exclude one of them to ensure predictable runtime behavior

2024-07-29T16:28:10.055+03:00  INFO 30272 --- [auth-service] [main] f.auth_service.mapper.UserMapperTest     : Starting UserMapperTest using Java 17 with PID 30272 (started by Asus in E:\Õóéíÿ\try2\FishingHelper\fishing-helper\auth-service)
2024-07-29T16:28:10.056+03:00  INFO 30272 --- [auth-service] [main] f.auth_service.mapper.UserMapperTest     : No active profile set, falling back to 1 default profile: "default"
2024-07-29T16:28:10.057+03:00  INFO 30272 --- [auth-service] [main] o.s.c.c.c.ConfigServerConfigDataLoader   : Fetching config from server at : http://localhost:8888
2024-07-29T16:28:10.057+03:00  INFO 30272 --- [auth-service] [main] o.s.c.c.c.ConfigServerConfigDataLoader   : Located environment: name=auth-service, profiles=[default], label=null, version=7d481024b6ee55cedac266eb0e78178308493b98, state=null
2024-07-29T16:28:10.063+03:00  INFO 30272 --- [auth-service] [main] f.auth_service.mapper.UserMapperTest     : Started UserMapperTest in 1.112 seconds (process running for 9.347)
2024-07-29T16:28:10.464+03:00  INFO 30272 --- [auth-service] [main] f.a.service.AuthorizationService         : Authorizing user: testuser
2024-07-29T16:28:10.467+03:00  INFO 30272 --- [auth-service] [main] f.a.service.AuthorizationService         : User testuser password authorized successfully
2024-07-29T16:28:10.673+03:00  INFO 30272 --- [auth-service] [main] f.a.service.AuthorizationService         : Token refreshed successfully for user testuser
2024-07-29T16:28:10.765+03:00  INFO 30272 --- [auth-service] [main] f.a.service.RegistrationService          : User successfully registered
2024-07-29T16:28:10.772+03:00  INFO 30272 --- [auth-service] [main] f.a.service.RegistrationService          : User confirm mail ....
2024-07-29T16:28:10.772+03:00  INFO 30272 --- [auth-service] [main] f.a.service.RegistrationService          : User successfully confirm mail
2024-07-29T16:29:29.933+03:00  WARN 11508 --- [auth-service] [main] ory$DuplicateJsonObjectContextCustomizer : 

Found multiple occurrences of org.json.JSONObject on the class path:

	jar:file:/C:/Users/Asus/.m2/repository/com/vaadin/external/google/android-json/0.0.20131108.vaadin1/android-json-0.0.20131108.vaadin1.jar!/org/json/JSONObject.class
	jar:file:/C:/Users/Asus/.m2/repository/org/json/json/20231013/json-20231013.jar!/org/json/JSONObject.class

You may wish to exclude one of them to ensure predictable runtime behavior

2024-07-29T16:29:29.958+03:00  INFO 11508 --- [auth-service] [main] f.a.c.AuthenticationControllerTest       : Starting AuthenticationControllerTest using Java 17 with PID 11508 (started by Asus in E:\Õóéíÿ\try2\FishingHelper\fishing-helper\auth-service)
2024-07-29T16:29:29.960+03:00  INFO 11508 --- [auth-service] [main] f.a.c.AuthenticationControllerTest       : No active profile set, falling back to 1 default profile: "default"
2024-07-29T16:29:32.753+03:00  INFO 11508 --- [auth-service] [main] o.s.b.t.m.w.SpringBootMockServletContext : Initializing Spring TestDispatcherServlet ''
2024-07-29T16:29:32.754+03:00  INFO 11508 --- [auth-service] [main] o.s.t.web.servlet.TestDispatcherServlet  : Initializing Servlet ''
2024-07-29T16:29:32.756+03:00  INFO 11508 --- [auth-service] [main] o.s.t.web.servlet.TestDispatcherServlet  : Completed initialization in 2 ms
2024-07-29T16:29:32.792+03:00  INFO 11508 --- [auth-service] [main] f.a.c.AuthenticationControllerTest       : Started AuthenticationControllerTest in 3.543 seconds (process running for 4.751)
2024-07-29T16:29:33.450+03:00  WARN 11508 --- [auth-service] [main] ory$DuplicateJsonObjectContextCustomizer : 

Found multiple occurrences of org.json.JSONObject on the class path:

	jar:file:/C:/Users/Asus/.m2/repository/com/vaadin/external/google/android-json/0.0.20131108.vaadin1/android-json-0.0.20131108.vaadin1.jar!/org/json/JSONObject.class
	jar:file:/C:/Users/Asus/.m2/repository/org/json/json/20231013/json-20231013.jar!/org/json/JSONObject.class

You may wish to exclude one of them to ensure predictable runtime behavior

2024-07-29T16:29:33.455+03:00  INFO 11508 --- [auth-service] [main] f.a.c.RegistrationControllerTest         : Starting RegistrationControllerTest using Java 17 with PID 11508 (started by Asus in E:\Õóéíÿ\try2\FishingHelper\fishing-helper\auth-service)
2024-07-29T16:29:33.456+03:00  INFO 11508 --- [auth-service] [main] f.a.c.RegistrationControllerTest         : No active profile set, falling back to 1 default profile: "default"
2024-07-29T16:29:33.788+03:00  INFO 11508 --- [auth-service] [main] o.s.b.t.m.w.SpringBootMockServletContext : Initializing Spring TestDispatcherServlet ''
2024-07-29T16:29:33.789+03:00  INFO 11508 --- [auth-service] [main] o.s.t.web.servlet.TestDispatcherServlet  : Initializing Servlet ''
2024-07-29T16:29:33.790+03:00  INFO 11508 --- [auth-service] [main] o.s.t.web.servlet.TestDispatcherServlet  : Completed initialization in 1 ms
2024-07-29T16:29:33.798+03:00  INFO 11508 --- [auth-service] [main] f.a.c.RegistrationControllerTest         : Started RegistrationControllerTest in 0.616 seconds (process running for 5.758)
2024-07-29T16:29:34.168+03:00  WARN 11508 --- [auth-service] [main] ory$DuplicateJsonObjectContextCustomizer : 

Found multiple occurrences of org.json.JSONObject on the class path:

	jar:file:/C:/Users/Asus/.m2/repository/com/vaadin/external/google/android-json/0.0.20131108.vaadin1/android-json-0.0.20131108.vaadin1.jar!/org/json/JSONObject.class
	jar:file:/C:/Users/Asus/.m2/repository/org/json/json/20231013/json-20231013.jar!/org/json/JSONObject.class

You may wish to exclude one of them to ensure predictable runtime behavior

2024-07-29T16:29:34.173+03:00  INFO 11508 --- [auth-service] [main] f.auth_service.mapper.UserMapperTest     : Starting UserMapperTest using Java 17 with PID 11508 (started by Asus in E:\Õóéíÿ\try2\FishingHelper\fishing-helper\auth-service)
2024-07-29T16:29:34.173+03:00  INFO 11508 --- [auth-service] [main] f.auth_service.mapper.UserMapperTest     : No active profile set, falling back to 1 default profile: "default"
2024-07-29T16:29:34.183+03:00  INFO 11508 --- [auth-service] [main] f.auth_service.mapper.UserMapperTest     : Started UserMapperTest in 0.265 seconds (process running for 6.142)
2024-07-29T16:29:34.642+03:00  INFO 11508 --- [auth-service] [main] f.a.service.AuthorizationService         : Authorizing user: testuser
2024-07-29T16:29:34.647+03:00  INFO 11508 --- [auth-service] [main] f.a.service.AuthorizationService         : User testuser password authorized successfully
2024-07-29T16:29:34.876+03:00  INFO 11508 --- [auth-service] [main] f.a.service.AuthorizationService         : Token refreshed successfully for user testuser
2024-07-29T16:29:34.969+03:00  INFO 11508 --- [auth-service] [main] f.a.service.RegistrationService          : User successfully registered
2024-07-29T16:29:34.974+03:00  INFO 11508 --- [auth-service] [main] f.a.service.RegistrationService          : User confirm mail ....
2024-07-29T16:29:34.975+03:00  INFO 11508 --- [auth-service] [main] f.a.service.RegistrationService          : User successfully confirm mail
2024-07-29T16:29:59.679+03:00  WARN 32596 --- [auth-service] [main] ory$DuplicateJsonObjectContextCustomizer : 

Found multiple occurrences of org.json.JSONObject on the class path:

	jar:file:/C:/Users/Asus/.m2/repository/com/vaadin/external/google/android-json/0.0.20131108.vaadin1/android-json-0.0.20131108.vaadin1.jar!/org/json/JSONObject.class
	jar:file:/C:/Users/Asus/.m2/repository/org/json/json/20231013/json-20231013.jar!/org/json/JSONObject.class

You may wish to exclude one of them to ensure predictable runtime behavior

2024-07-29T16:29:59.716+03:00  INFO 32596 --- [auth-service] [main] f.a.c.AuthenticationControllerTest       : Starting AuthenticationControllerTest using Java 17 with PID 32596 (started by Asus in E:\Õóéíÿ\try2\FishingHelper\fishing-helper\auth-service)
2024-07-29T16:29:59.718+03:00  INFO 32596 --- [auth-service] [main] f.a.c.AuthenticationControllerTest       : No active profile set, falling back to 1 default profile: "default"
2024-07-29T16:30:02.603+03:00  INFO 32596 --- [auth-service] [main] o.s.b.t.m.w.SpringBootMockServletContext : Initializing Spring TestDispatcherServlet ''
2024-07-29T16:30:02.604+03:00  INFO 32596 --- [auth-service] [main] o.s.t.web.servlet.TestDispatcherServlet  : Initializing Servlet ''
2024-07-29T16:30:02.607+03:00  INFO 32596 --- [auth-service] [main] o.s.t.web.servlet.TestDispatcherServlet  : Completed initialization in 2 ms
2024-07-29T16:30:02.638+03:00  INFO 32596 --- [auth-service] [main] f.a.c.AuthenticationControllerTest       : Started AuthenticationControllerTest in 3.713 seconds (process running for 4.9)
2024-07-29T16:30:03.266+03:00  WARN 32596 --- [auth-service] [main] ory$DuplicateJsonObjectContextCustomizer : 

Found multiple occurrences of org.json.JSONObject on the class path:

	jar:file:/C:/Users/Asus/.m2/repository/com/vaadin/external/google/android-json/0.0.20131108.vaadin1/android-json-0.0.20131108.vaadin1.jar!/org/json/JSONObject.class
	jar:file:/C:/Users/Asus/.m2/repository/org/json/json/20231013/json-20231013.jar!/org/json/JSONObject.class

You may wish to exclude one of them to ensure predictable runtime behavior

2024-07-29T16:30:03.271+03:00  INFO 32596 --- [auth-service] [main] f.a.c.RegistrationControllerTest         : Starting RegistrationControllerTest using Java 17 with PID 32596 (started by Asus in E:\Õóéíÿ\try2\FishingHelper\fishing-helper\auth-service)
2024-07-29T16:30:03.272+03:00  INFO 32596 --- [auth-service] [main] f.a.c.RegistrationControllerTest         : No active profile set, falling back to 1 default profile: "default"
2024-07-29T16:30:03.602+03:00  INFO 32596 --- [auth-service] [main] o.s.b.t.m.w.SpringBootMockServletContext : Initializing Spring TestDispatcherServlet ''
2024-07-29T16:30:03.602+03:00  INFO 32596 --- [auth-service] [main] o.s.t.web.servlet.TestDispatcherServlet  : Initializing Servlet ''
2024-07-29T16:30:03.603+03:00  INFO 32596 --- [auth-service] [main] o.s.t.web.servlet.TestDispatcherServlet  : Completed initialization in 1 ms
2024-07-29T16:30:03.611+03:00  INFO 32596 --- [auth-service] [main] f.a.c.RegistrationControllerTest         : Started RegistrationControllerTest in 0.594 seconds (process running for 5.873)
2024-07-29T16:30:03.941+03:00  WARN 32596 --- [auth-service] [main] ory$DuplicateJsonObjectContextCustomizer : 

Found multiple occurrences of org.json.JSONObject on the class path:

	jar:file:/C:/Users/Asus/.m2/repository/com/vaadin/external/google/android-json/0.0.20131108.vaadin1/android-json-0.0.20131108.vaadin1.jar!/org/json/JSONObject.class
	jar:file:/C:/Users/Asus/.m2/repository/org/json/json/20231013/json-20231013.jar!/org/json/JSONObject.class

You may wish to exclude one of them to ensure predictable runtime behavior

2024-07-29T16:30:03.945+03:00  INFO 32596 --- [auth-service] [main] f.auth_service.mapper.UserMapperTest     : Starting UserMapperTest using Java 17 with PID 32596 (started by Asus in E:\Õóéíÿ\try2\FishingHelper\fishing-helper\auth-service)
2024-07-29T16:30:03.946+03:00  INFO 32596 --- [auth-service] [main] f.auth_service.mapper.UserMapperTest     : No active profile set, falling back to 1 default profile: "default"
2024-07-29T16:30:03.959+03:00  INFO 32596 --- [auth-service] [main] f.auth_service.mapper.UserMapperTest     : Started UserMapperTest in 0.254 seconds (process running for 6.221)
2024-07-29T16:30:04.379+03:00  INFO 32596 --- [auth-service] [main] f.a.service.AuthorizationService         : Authorizing user: testuser
2024-07-29T16:30:04.382+03:00  INFO 32596 --- [auth-service] [main] f.a.service.AuthorizationService         : User testuser password authorized successfully
2024-07-29T16:30:04.593+03:00  INFO 32596 --- [auth-service] [main] f.a.service.AuthorizationService         : Token refreshed successfully for user testuser
2024-07-29T16:30:04.685+03:00  INFO 32596 --- [auth-service] [main] f.a.service.RegistrationService          : User successfully registered
2024-07-29T16:30:04.691+03:00  INFO 32596 --- [auth-service] [main] f.a.service.RegistrationService          : User confirm mail ....
2024-07-29T16:30:04.691+03:00  INFO 32596 --- [auth-service] [main] f.a.service.RegistrationService          : User successfully confirm mail
2024-07-29T16:31:04.688+03:00  WARN 3312 --- [auth-service] [main] ory$DuplicateJsonObjectContextCustomizer : 

Found multiple occurrences of org.json.JSONObject on the class path:

	jar:file:/C:/Users/Asus/.m2/repository/com/vaadin/external/google/android-json/0.0.20131108.vaadin1/android-json-0.0.20131108.vaadin1.jar!/org/json/JSONObject.class
	jar:file:/C:/Users/Asus/.m2/repository/org/json/json/20231013/json-20231013.jar!/org/json/JSONObject.class

You may wish to exclude one of them to ensure predictable runtime behavior

2024-07-29T16:31:04.717+03:00  INFO 3312 --- [auth-service] [main] f.a.c.AuthenticationControllerTest       : Starting AuthenticationControllerTest using Java 17 with PID 3312 (started by Asus in E:\Õóéíÿ\try2\FishingHelper\fishing-helper\auth-service)
2024-07-29T16:31:04.720+03:00  INFO 3312 --- [auth-service] [main] f.a.c.AuthenticationControllerTest       : No active profile set, falling back to 1 default profile: "default"
2024-07-29T16:31:07.566+03:00  INFO 3312 --- [auth-service] [main] o.s.b.t.m.w.SpringBootMockServletContext : Initializing Spring TestDispatcherServlet ''
2024-07-29T16:31:07.567+03:00  INFO 3312 --- [auth-service] [main] o.s.t.web.servlet.TestDispatcherServlet  : Initializing Servlet ''
2024-07-29T16:31:07.569+03:00  INFO 3312 --- [auth-service] [main] o.s.t.web.servlet.TestDispatcherServlet  : Completed initialization in 2 ms
2024-07-29T16:31:07.607+03:00  INFO 3312 --- [auth-service] [main] f.a.c.AuthenticationControllerTest       : Started AuthenticationControllerTest in 3.642 seconds (process running for 4.862)
2024-07-29T16:31:08.231+03:00  WARN 3312 --- [auth-service] [main] ory$DuplicateJsonObjectContextCustomizer : 

Found multiple occurrences of org.json.JSONObject on the class path:

	jar:file:/C:/Users/Asus/.m2/repository/com/vaadin/external/google/android-json/0.0.20131108.vaadin1/android-json-0.0.20131108.vaadin1.jar!/org/json/JSONObject.class
	jar:file:/C:/Users/Asus/.m2/repository/org/json/json/20231013/json-20231013.jar!/org/json/JSONObject.class

You may wish to exclude one of them to ensure predictable runtime behavior

2024-07-29T16:31:08.237+03:00  INFO 3312 --- [auth-service] [main] f.a.c.RegistrationControllerTest         : Starting RegistrationControllerTest using Java 17 with PID 3312 (started by Asus in E:\Õóéíÿ\try2\FishingHelper\fishing-helper\auth-service)
2024-07-29T16:31:08.238+03:00  INFO 3312 --- [auth-service] [main] f.a.c.RegistrationControllerTest         : No active profile set, falling back to 1 default profile: "default"
2024-07-29T16:31:08.572+03:00  INFO 3312 --- [auth-service] [main] o.s.b.t.m.w.SpringBootMockServletContext : Initializing Spring TestDispatcherServlet ''
2024-07-29T16:31:08.572+03:00  INFO 3312 --- [auth-service] [main] o.s.t.web.servlet.TestDispatcherServlet  : Initializing Servlet ''
2024-07-29T16:31:08.573+03:00  INFO 3312 --- [auth-service] [main] o.s.t.web.servlet.TestDispatcherServlet  : Completed initialization in 1 ms
2024-07-29T16:31:08.581+03:00  INFO 3312 --- [auth-service] [main] f.a.c.RegistrationControllerTest         : Started RegistrationControllerTest in 0.598 seconds (process running for 5.837)
2024-07-29T16:31:08.909+03:00  WARN 3312 --- [auth-service] [main] ory$DuplicateJsonObjectContextCustomizer : 

Found multiple occurrences of org.json.JSONObject on the class path:

	jar:file:/C:/Users/Asus/.m2/repository/com/vaadin/external/google/android-json/0.0.20131108.vaadin1/android-json-0.0.20131108.vaadin1.jar!/org/json/JSONObject.class
	jar:file:/C:/Users/Asus/.m2/repository/org/json/json/20231013/json-20231013.jar!/org/json/JSONObject.class

You may wish to exclude one of them to ensure predictable runtime behavior

2024-07-29T16:31:08.912+03:00  INFO 3312 --- [auth-service] [main] f.auth_service.mapper.UserMapperTest     : Starting UserMapperTest using Java 17 with PID 3312 (started by Asus in E:\Õóéíÿ\try2\FishingHelper\fishing-helper\auth-service)
2024-07-29T16:31:08.913+03:00  INFO 3312 --- [auth-service] [main] f.auth_service.mapper.UserMapperTest     : No active profile set, falling back to 1 default profile: "default"
2024-07-29T16:31:08.922+03:00  INFO 3312 --- [auth-service] [main] f.auth_service.mapper.UserMapperTest     : Started UserMapperTest in 0.234 seconds (process running for 6.177)
2024-07-29T16:31:09.322+03:00  INFO 3312 --- [auth-service] [main] f.a.service.AuthorizationService         : Authorizing user: testuser
2024-07-29T16:31:09.325+03:00  INFO 3312 --- [auth-service] [main] f.a.service.AuthorizationService         : User testuser password authorized successfully
2024-07-29T16:31:09.543+03:00  INFO 3312 --- [auth-service] [main] f.a.service.AuthorizationService         : Token refreshed successfully for user testuser
2024-07-29T16:31:09.636+03:00  INFO 3312 --- [auth-service] [main] f.a.service.RegistrationService          : User successfully registered
2024-07-29T16:31:09.643+03:00  INFO 3312 --- [auth-service] [main] f.a.service.RegistrationService          : User confirm mail ....
2024-07-29T16:31:09.643+03:00  INFO 3312 --- [auth-service] [main] f.a.service.RegistrationService          : User successfully confirm mail
2024-07-29T16:38:46.047+03:00  INFO 34304 --- [auth-service] [main] c.c.c.ConfigServicePropertySourceLocator : Fetching config from server at : http://localhost:8888
2024-07-29T16:38:47.239+03:00  INFO 34304 --- [auth-service] [main] c.c.c.ConfigServicePropertySourceLocator : Located environment: name=auth-service, profiles=[default], label=null, version=7d481024b6ee55cedac266eb0e78178308493b98, state=null
2024-07-29T16:38:47.241+03:00  INFO 34304 --- [auth-service] [main] b.c.PropertySourceBootstrapConfiguration : Located property source: [BootstrapPropertySource {name='bootstrapProperties-configClient'}, BootstrapPropertySource {name='bootstrapProperties-https://github.com/IlyaPetushok/config-server-fishing-helper.git/application.properties'}]
2024-07-29T16:38:47.267+03:00  WARN 34304 --- [auth-service] [main] ory$DuplicateJsonObjectContextCustomizer : 

Found multiple occurrences of org.json.JSONObject on the class path:

	jar:file:/C:/Users/Asus/.m2/repository/com/vaadin/external/google/android-json/0.0.20131108.vaadin1/android-json-0.0.20131108.vaadin1.jar!/org/json/JSONObject.class
	jar:file:/C:/Users/Asus/.m2/repository/org/json/json/20231013/json-20231013.jar!/org/json/JSONObject.class

You may wish to exclude one of them to ensure predictable runtime behavior

2024-07-29T16:38:47.276+03:00  INFO 34304 --- [auth-service] [main] f.a.c.AuthenticationControllerTest       : No active profile set, falling back to 1 default profile: "default"
2024-07-29T16:38:49.767+03:00  INFO 34304 --- [auth-service] [main] o.s.b.t.m.w.SpringBootMockServletContext : Initializing Spring TestDispatcherServlet ''
2024-07-29T16:38:49.768+03:00  INFO 34304 --- [auth-service] [main] o.s.t.web.servlet.TestDispatcherServlet  : Initializing Servlet ''
2024-07-29T16:38:49.771+03:00  INFO 34304 --- [auth-service] [main] o.s.t.web.servlet.TestDispatcherServlet  : Completed initialization in 2 ms
2024-07-29T16:38:49.797+03:00  INFO 34304 --- [auth-service] [main] f.a.c.AuthenticationControllerTest       : Started AuthenticationControllerTest in 5.401 seconds (process running for 6.72)
2024-07-29T16:38:50.783+03:00  INFO 34304 --- [auth-service] [main] c.c.c.ConfigServicePropertySourceLocator : Fetching config from server at : http://localhost:8888
2024-07-29T16:38:51.666+03:00  INFO 34304 --- [auth-service] [main] c.c.c.ConfigServicePropertySourceLocator : Located environment: name=auth-service, profiles=[default], label=null, version=7d481024b6ee55cedac266eb0e78178308493b98, state=null
2024-07-29T16:38:51.667+03:00  INFO 34304 --- [auth-service] [main] b.c.PropertySourceBootstrapConfiguration : Located property source: [BootstrapPropertySource {name='bootstrapProperties-configClient'}, BootstrapPropertySource {name='bootstrapProperties-https://github.com/IlyaPetushok/config-server-fishing-helper.git/application.properties'}]
2024-07-29T16:38:51.678+03:00  WARN 34304 --- [auth-service] [main] ory$DuplicateJsonObjectContextCustomizer : 

Found multiple occurrences of org.json.JSONObject on the class path:

	jar:file:/C:/Users/Asus/.m2/repository/com/vaadin/external/google/android-json/0.0.20131108.vaadin1/android-json-0.0.20131108.vaadin1.jar!/org/json/JSONObject.class
	jar:file:/C:/Users/Asus/.m2/repository/org/json/json/20231013/json-20231013.jar!/org/json/JSONObject.class

You may wish to exclude one of them to ensure predictable runtime behavior

2024-07-29T16:38:51.680+03:00  INFO 34304 --- [auth-service] [main] f.a.c.RegistrationControllerTest         : No active profile set, falling back to 1 default profile: "default"
2024-07-29T16:38:51.998+03:00  INFO 34304 --- [auth-service] [main] o.s.b.t.m.w.SpringBootMockServletContext : Initializing Spring TestDispatcherServlet ''
2024-07-29T16:38:51.999+03:00  INFO 34304 --- [auth-service] [main] o.s.t.web.servlet.TestDispatcherServlet  : Initializing Servlet ''
2024-07-29T16:38:52.000+03:00  INFO 34304 --- [auth-service] [main] o.s.t.web.servlet.TestDispatcherServlet  : Completed initialization in 1 ms
2024-07-29T16:38:52.020+03:00  INFO 34304 --- [auth-service] [main] f.a.c.RegistrationControllerTest         : Started RegistrationControllerTest in 1.901 seconds (process running for 8.943)
2024-07-29T16:38:52.737+03:00  INFO 34304 --- [auth-service] [main] c.c.c.ConfigServicePropertySourceLocator : Fetching config from server at : http://localhost:8888
2024-07-29T16:38:53.898+03:00  INFO 34304 --- [auth-service] [main] c.c.c.ConfigServicePropertySourceLocator : Located environment: name=auth-service, profiles=[default], label=null, version=7d481024b6ee55cedac266eb0e78178308493b98, state=null
2024-07-29T16:38:53.898+03:00  INFO 34304 --- [auth-service] [main] b.c.PropertySourceBootstrapConfiguration : Located property source: [BootstrapPropertySource {name='bootstrapProperties-configClient'}, BootstrapPropertySource {name='bootstrapProperties-https://github.com/IlyaPetushok/config-server-fishing-helper.git/application.properties'}]
2024-07-29T16:38:53.906+03:00  WARN 34304 --- [auth-service] [main] ory$DuplicateJsonObjectContextCustomizer : 

Found multiple occurrences of org.json.JSONObject on the class path:

	jar:file:/C:/Users/Asus/.m2/repository/com/vaadin/external/google/android-json/0.0.20131108.vaadin1/android-json-0.0.20131108.vaadin1.jar!/org/json/JSONObject.class
	jar:file:/C:/Users/Asus/.m2/repository/org/json/json/20231013/json-20231013.jar!/org/json/JSONObject.class

You may wish to exclude one of them to ensure predictable runtime behavior

2024-07-29T16:38:53.908+03:00  INFO 34304 --- [auth-service] [main] f.auth_service.mapper.UserMapperTest     : No active profile set, falling back to 1 default profile: "default"
2024-07-29T16:38:53.916+03:00  INFO 34304 --- [auth-service] [main] f.auth_service.mapper.UserMapperTest     : Started UserMapperTest in 1.8 seconds (process running for 10.839)
2024-07-29T16:38:54.357+03:00  INFO 34304 --- [auth-service] [main] f.a.service.AuthorizationService         : Authorizing user: testuser
2024-07-29T16:38:54.361+03:00  INFO 34304 --- [auth-service] [main] f.a.service.AuthorizationService         : User testuser password authorized successfully
2024-07-29T16:38:54.594+03:00  INFO 34304 --- [auth-service] [main] f.a.service.AuthorizationService         : Token refreshed successfully for user testuser
2024-07-29T16:38:54.692+03:00  INFO 34304 --- [auth-service] [main] f.a.service.RegistrationService          : User successfully registered
2024-07-29T16:38:54.697+03:00  INFO 34304 --- [auth-service] [main] f.a.service.RegistrationService          : User confirm mail ....
2024-07-29T16:38:54.697+03:00  INFO 34304 --- [auth-service] [main] f.a.service.RegistrationService          : User successfully confirm mail
