2024-08-01T00:05:47.242+03:00  INFO 23360 --- [admin-service] [SpringApplicationShutdownHook] j.LocalContainerEntityManagerFactoryBean : Closing JPA EntityManagerFactory for persistence unit 'default'
2024-08-01T00:05:47.250+03:00  INFO 23360 --- [admin-service] [SpringApplicationShutdownHook] com.zaxxer.hikari.HikariDataSource       : HikariPool-1 - Shutdown initiated...
2024-08-01T00:05:47.257+03:00  INFO 23360 --- [admin-service] [SpringApplicationShutdownHook] com.zaxxer.hikari.HikariDataSource       : HikariPool-1 - Shutdown completed.
2024-08-01T00:06:07.969+03:00  INFO 25212 --- [admin-service] [main] c.c.c.ConfigServicePropertySourceLocator : Fetching config from server at : http://localhost:8888
2024-08-01T00:06:08.919+03:00  INFO 25212 --- [admin-service] [main] c.c.c.ConfigServicePropertySourceLocator : Located environment: name=admin-service, profiles=[default], label=null, version=2ffe0139e23ed7baa85472385e3c23c71dc7f255, state=null
2024-08-01T00:06:08.920+03:00  INFO 25212 --- [admin-service] [main] b.c.PropertySourceBootstrapConfiguration : Located property source: [BootstrapPropertySource {name='bootstrapProperties-configClient'}, BootstrapPropertySource {name='bootstrapProperties-https://github.com/IlyaPetushok/config-server-fishing-helper.git/application.properties'}]
2024-08-01T00:06:08.933+03:00  INFO 25212 --- [admin-service] [main] f.admin_service.AdminServiceApplication  : No active profile set, falling back to 1 default profile: "default"
2024-08-01T00:06:08.947+03:00  INFO 25212 --- [admin-service] [main] o.s.c.c.c.ConfigServerConfigDataLoader   : Fetching config from server at : http://localhost:8888
2024-08-01T00:06:08.947+03:00  INFO 25212 --- [admin-service] [main] o.s.c.c.c.ConfigServerConfigDataLoader   : Located environment: name=admin-service, profiles=[default], label=null, version=2ffe0139e23ed7baa85472385e3c23c71dc7f255, state=null
2024-08-01T00:06:09.857+03:00  INFO 25212 --- [admin-service] [main] .s.d.r.c.RepositoryConfigurationDelegate : Multiple Spring Data modules found, entering strict repository configuration mode
2024-08-01T00:06:09.857+03:00  INFO 25212 --- [admin-service] [main] .s.d.r.c.RepositoryConfigurationDelegate : Bootstrapping Spring Data JPA repositories in DEFAULT mode.
2024-08-01T00:06:09.968+03:00  INFO 25212 --- [admin-service] [main] .s.d.r.c.RepositoryConfigurationDelegate : Finished Spring Data repository scanning in 102 ms. Found 15 JPA repository interfaces.
2024-08-01T00:06:09.971+03:00  INFO 25212 --- [admin-service] [main] .s.d.r.c.RepositoryConfigurationDelegate : Multiple Spring Data modules found, entering strict repository configuration mode
2024-08-01T00:06:09.971+03:00  INFO 25212 --- [admin-service] [main] .s.d.r.c.RepositoryConfigurationDelegate : Bootstrapping Spring Data Redis repositories in DEFAULT mode.
2024-08-01T00:06:09.989+03:00  INFO 25212 --- [admin-service] [main] .s.d.r.c.RepositoryConfigurationDelegate : Finished Spring Data repository scanning in 7 ms. Found 1 Redis repository interface.
2024-08-01T00:06:10.741+03:00  INFO 25212 --- [admin-service] [main] o.s.cloud.context.scope.GenericScope     : BeanFactory id=0d66c68b-ca12-36b2-b794-c6319fd3fdf5
2024-08-01T00:06:11.278+03:00  INFO 25212 --- [admin-service] [main] o.s.b.w.embedded.tomcat.TomcatWebServer  : Tomcat initialized with port 8082 (http)
2024-08-01T00:06:11.310+03:00  INFO 25212 --- [admin-service] [main] o.apache.catalina.core.StandardService   : Starting service [Tomcat]
2024-08-01T00:06:11.311+03:00  INFO 25212 --- [admin-service] [main] o.apache.catalina.core.StandardEngine    : Starting Servlet engine: [Apache Tomcat/10.1.26]
2024-08-01T00:06:11.410+03:00  INFO 25212 --- [admin-service] [main] o.a.c.c.C.[Tomcat].[localhost].[/]       : Initializing Spring embedded WebApplicationContext
2024-08-01T00:06:11.410+03:00  INFO 25212 --- [admin-service] [main] w.s.c.ServletWebServerApplicationContext : Root WebApplicationContext: initialization completed in 2463 ms
2024-08-01T00:06:11.567+03:00  INFO 25212 --- [admin-service] [main] com.zaxxer.hikari.HikariDataSource       : HikariPool-1 - Starting...
2024-08-01T00:06:11.698+03:00  INFO 25212 --- [admin-service] [main] com.zaxxer.hikari.pool.HikariPool        : HikariPool-1 - Added connection org.postgresql.jdbc.PgConnection@312a738d
2024-08-01T00:06:11.700+03:00  INFO 25212 --- [admin-service] [main] com.zaxxer.hikari.HikariDataSource       : HikariPool-1 - Start completed.
2024-08-01T00:06:11.827+03:00  INFO 25212 --- [admin-service] [main] liquibase.database                       : Set default schema name to public
2024-08-01T00:06:12.645+03:00  INFO 25212 --- [admin-service] [main] liquibase.changelog                      : Reading from public.databasechangelog
2024-08-01T00:06:12.758+03:00  INFO 25212 --- [admin-service] [main] liquibase.ui                             : Database is up to date, no changesets to execute
2024-08-01T00:06:12.761+03:00  INFO 25212 --- [admin-service] [main] liquibase.changelog                      : Reading from public.databasechangelog
2024-08-01T00:06:12.780+03:00  INFO 25212 --- [admin-service] [main] liquibase.util                           : UPDATE SUMMARY
2024-08-01T00:06:12.780+03:00  INFO 25212 --- [admin-service] [main] liquibase.util                           : Run:                          0
2024-08-01T00:06:12.780+03:00  INFO 25212 --- [admin-service] [main] liquibase.util                           : Previously run:              25
2024-08-01T00:06:12.780+03:00  INFO 25212 --- [admin-service] [main] liquibase.util                           : Filtered out:                 0
2024-08-01T00:06:12.780+03:00  INFO 25212 --- [admin-service] [main] liquibase.util                           : -------------------------------
2024-08-01T00:06:12.780+03:00  INFO 25212 --- [admin-service] [main] liquibase.util                           : Total change sets:           25
2024-08-01T00:06:12.781+03:00  INFO 25212 --- [admin-service] [main] liquibase.util                           : Update summary generated
2024-08-01T00:06:12.806+03:00  INFO 25212 --- [admin-service] [main] liquibase.lockservice                    : Successfully released change log lock
2024-08-01T00:06:12.809+03:00  INFO 25212 --- [admin-service] [main] liquibase.command                        : Command execution complete
2024-08-01T00:06:12.905+03:00  INFO 25212 --- [admin-service] [main] o.hibernate.jpa.internal.util.LogHelper  : HHH000204: Processing PersistenceUnitInfo [name: default]
2024-08-01T00:06:12.968+03:00  INFO 25212 --- [admin-service] [main] org.hibernate.Version                    : HHH000412: Hibernate ORM core version 6.5.2.Final
2024-08-01T00:06:13.016+03:00  INFO 25212 --- [admin-service] [main] o.h.c.internal.RegionFactoryInitiator    : HHH000026: Second-level cache disabled
2024-08-01T00:06:13.282+03:00  INFO 25212 --- [admin-service] [main] o.s.o.j.p.SpringPersistenceUnitInfo      : No LoadTimeWeaver setup: ignoring JPA class transformer
2024-08-01T00:06:13.329+03:00  WARN 25212 --- [admin-service] [main] org.hibernate.orm.deprecation            : HHH90000025: PostgreSQLDialect does not need to be specified explicitly using 'hibernate.dialect' (remove the property setting and it will be selected by default)
2024-08-01T00:06:14.694+03:00  INFO 25212 --- [admin-service] [main] o.h.e.t.j.p.i.JtaPlatformInitiator       : HHH000489: No JTA platform available (set 'hibernate.transaction.jta.platform' to enable JTA platform integration)
2024-08-01T00:06:14.703+03:00  INFO 25212 --- [admin-service] [main] j.LocalContainerEntityManagerFactoryBean : Initialized JPA EntityManagerFactory for persistence unit 'default'
2024-08-01T00:06:15.443+03:00  INFO 25212 --- [admin-service] [main] o.s.d.j.r.query.QueryEnhancerFactory     : Hibernate is in classpath; If applicable, HQL parser will be used.
2024-08-01T00:06:15.886+03:00  WARN 25212 --- [admin-service] [main] ConfigServletWebServerApplicationContext : Exception encountered during context initialization - cancelling refresh attempt: org.springframework.beans.factory.UnsatisfiedDependencyException: Error creating bean with name 'emailService' defined in file [D:\intexsoft-project\FishingHelper\fishing-helper\notification-service\target\classes\fishinghelper\notification_service\service\EmailService.class]: Unsatisfied dependency expressed through constructor parameter 0: No qualifying bean of type 'org.springframework.mail.javamail.JavaMailSender' available: expected at least 1 bean which qualifies as autowire candidate. Dependency annotations: {}
2024-08-01T00:06:15.889+03:00  INFO 25212 --- [admin-service] [main] j.LocalContainerEntityManagerFactoryBean : Closing JPA EntityManagerFactory for persistence unit 'default'
2024-08-01T00:06:15.891+03:00  INFO 25212 --- [admin-service] [main] com.zaxxer.hikari.HikariDataSource       : HikariPool-1 - Shutdown initiated...
2024-08-01T00:06:15.896+03:00  INFO 25212 --- [admin-service] [main] com.zaxxer.hikari.HikariDataSource       : HikariPool-1 - Shutdown completed.
2024-08-01T00:06:15.899+03:00  INFO 25212 --- [admin-service] [main] o.apache.catalina.core.StandardService   : Stopping service [Tomcat]
2024-08-01T00:06:15.914+03:00  INFO 25212 --- [admin-service] [main] .s.b.a.l.ConditionEvaluationReportLogger : 

Error starting ApplicationContext. To display the condition evaluation report re-run your application with 'debug' enabled.
2024-08-01T00:08:08.114+03:00  INFO 23084 --- [admin-service] [main] c.c.c.ConfigServicePropertySourceLocator : Fetching config from server at : http://localhost:8888
2024-08-01T00:08:09.131+03:00  INFO 23084 --- [admin-service] [main] c.c.c.ConfigServicePropertySourceLocator : Located environment: name=admin-service, profiles=[default], label=null, version=2ffe0139e23ed7baa85472385e3c23c71dc7f255, state=null
2024-08-01T00:08:09.132+03:00  INFO 23084 --- [admin-service] [main] b.c.PropertySourceBootstrapConfiguration : Located property source: [BootstrapPropertySource {name='bootstrapProperties-configClient'}, BootstrapPropertySource {name='bootstrapProperties-https://github.com/IlyaPetushok/config-server-fishing-helper.git/application.properties'}]
2024-08-01T00:08:09.149+03:00  INFO 23084 --- [admin-service] [main] f.admin_service.AdminServiceApplication  : No active profile set, falling back to 1 default profile: "default"
2024-08-01T00:08:09.163+03:00  INFO 23084 --- [admin-service] [main] o.s.c.c.c.ConfigServerConfigDataLoader   : Fetching config from server at : http://localhost:8888
2024-08-01T00:08:09.164+03:00  INFO 23084 --- [admin-service] [main] o.s.c.c.c.ConfigServerConfigDataLoader   : Located environment: name=admin-service, profiles=[default], label=null, version=2ffe0139e23ed7baa85472385e3c23c71dc7f255, state=null
2024-08-01T00:08:09.886+03:00  INFO 23084 --- [admin-service] [main] .s.d.r.c.RepositoryConfigurationDelegate : Multiple Spring Data modules found, entering strict repository configuration mode
2024-08-01T00:08:09.887+03:00  INFO 23084 --- [admin-service] [main] .s.d.r.c.RepositoryConfigurationDelegate : Bootstrapping Spring Data JPA repositories in DEFAULT mode.
2024-08-01T00:08:09.995+03:00  INFO 23084 --- [admin-service] [main] .s.d.r.c.RepositoryConfigurationDelegate : Finished Spring Data repository scanning in 99 ms. Found 15 JPA repository interfaces.
2024-08-01T00:08:09.998+03:00  INFO 23084 --- [admin-service] [main] .s.d.r.c.RepositoryConfigurationDelegate : Multiple Spring Data modules found, entering strict repository configuration mode
2024-08-01T00:08:09.999+03:00  INFO 23084 --- [admin-service] [main] .s.d.r.c.RepositoryConfigurationDelegate : Bootstrapping Spring Data Redis repositories in DEFAULT mode.
2024-08-01T00:08:10.016+03:00  INFO 23084 --- [admin-service] [main] .s.d.r.c.RepositoryConfigurationDelegate : Finished Spring Data repository scanning in 7 ms. Found 1 Redis repository interface.
2024-08-01T00:08:10.506+03:00  INFO 23084 --- [admin-service] [main] o.s.cloud.context.scope.GenericScope     : BeanFactory id=0d66c68b-ca12-36b2-b794-c6319fd3fdf5
2024-08-01T00:08:10.929+03:00  INFO 23084 --- [admin-service] [main] o.s.b.w.embedded.tomcat.TomcatWebServer  : Tomcat initialized with port 8082 (http)
2024-08-01T00:08:10.949+03:00  INFO 23084 --- [admin-service] [main] o.apache.catalina.core.StandardService   : Starting service [Tomcat]
2024-08-01T00:08:10.949+03:00  INFO 23084 --- [admin-service] [main] o.apache.catalina.core.StandardEngine    : Starting Servlet engine: [Apache Tomcat/10.1.26]
2024-08-01T00:08:11.025+03:00  INFO 23084 --- [admin-service] [main] o.a.c.c.C.[Tomcat].[localhost].[/]       : Initializing Spring embedded WebApplicationContext
2024-08-01T00:08:11.025+03:00  INFO 23084 --- [admin-service] [main] w.s.c.ServletWebServerApplicationContext : Root WebApplicationContext: initialization completed in 1861 ms
2024-08-01T00:08:11.215+03:00  INFO 23084 --- [admin-service] [main] com.zaxxer.hikari.HikariDataSource       : HikariPool-1 - Starting...
2024-08-01T00:08:11.357+03:00  INFO 23084 --- [admin-service] [main] com.zaxxer.hikari.pool.HikariPool        : HikariPool-1 - Added connection org.postgresql.jdbc.PgConnection@6233c6c2
2024-08-01T00:08:11.360+03:00  INFO 23084 --- [admin-service] [main] com.zaxxer.hikari.HikariDataSource       : HikariPool-1 - Start completed.
2024-08-01T00:08:11.475+03:00  INFO 23084 --- [admin-service] [main] liquibase.database                       : Set default schema name to public
2024-08-01T00:08:12.029+03:00  INFO 23084 --- [admin-service] [main] liquibase.changelog                      : Reading from public.databasechangelog
2024-08-01T00:08:12.107+03:00  INFO 23084 --- [admin-service] [main] liquibase.ui                             : Database is up to date, no changesets to execute
2024-08-01T00:08:12.110+03:00  INFO 23084 --- [admin-service] [main] liquibase.changelog                      : Reading from public.databasechangelog
2024-08-01T00:08:12.128+03:00  INFO 23084 --- [admin-service] [main] liquibase.util                           : UPDATE SUMMARY
2024-08-01T00:08:12.128+03:00  INFO 23084 --- [admin-service] [main] liquibase.util                           : Run:                          0
2024-08-01T00:08:12.128+03:00  INFO 23084 --- [admin-service] [main] liquibase.util                           : Previously run:              25
2024-08-01T00:08:12.128+03:00  INFO 23084 --- [admin-service] [main] liquibase.util                           : Filtered out:                 0
2024-08-01T00:08:12.128+03:00  INFO 23084 --- [admin-service] [main] liquibase.util                           : -------------------------------
2024-08-01T00:08:12.128+03:00  INFO 23084 --- [admin-service] [main] liquibase.util                           : Total change sets:           25
2024-08-01T00:08:12.129+03:00  INFO 23084 --- [admin-service] [main] liquibase.util                           : Update summary generated
2024-08-01T00:08:12.152+03:00  INFO 23084 --- [admin-service] [main] liquibase.lockservice                    : Successfully released change log lock
2024-08-01T00:08:12.155+03:00  INFO 23084 --- [admin-service] [main] liquibase.command                        : Command execution complete
2024-08-01T00:08:12.221+03:00  INFO 23084 --- [admin-service] [main] o.hibernate.jpa.internal.util.LogHelper  : HHH000204: Processing PersistenceUnitInfo [name: default]
2024-08-01T00:08:12.265+03:00  INFO 23084 --- [admin-service] [main] org.hibernate.Version                    : HHH000412: Hibernate ORM core version 6.5.2.Final
2024-08-01T00:08:12.301+03:00  INFO 23084 --- [admin-service] [main] o.h.c.internal.RegionFactoryInitiator    : HHH000026: Second-level cache disabled
2024-08-01T00:08:12.529+03:00  INFO 23084 --- [admin-service] [main] o.s.o.j.p.SpringPersistenceUnitInfo      : No LoadTimeWeaver setup: ignoring JPA class transformer
2024-08-01T00:08:12.566+03:00  WARN 23084 --- [admin-service] [main] org.hibernate.orm.deprecation            : HHH90000025: PostgreSQLDialect does not need to be specified explicitly using 'hibernate.dialect' (remove the property setting and it will be selected by default)
2024-08-01T00:08:13.735+03:00  INFO 23084 --- [admin-service] [main] o.h.e.t.j.p.i.JtaPlatformInitiator       : HHH000489: No JTA platform available (set 'hibernate.transaction.jta.platform' to enable JTA platform integration)
2024-08-01T00:08:13.739+03:00  INFO 23084 --- [admin-service] [main] j.LocalContainerEntityManagerFactoryBean : Initialized JPA EntityManagerFactory for persistence unit 'default'
2024-08-01T00:08:14.411+03:00  INFO 23084 --- [admin-service] [main] o.s.d.j.r.query.QueryEnhancerFactory     : Hibernate is in classpath; If applicable, HQL parser will be used.
2024-08-01T00:08:14.787+03:00  WARN 23084 --- [admin-service] [main] ConfigServletWebServerApplicationContext : Exception encountered during context initialization - cancelling refresh attempt: org.springframework.beans.factory.UnsatisfiedDependencyException: Error creating bean with name 'emailService' defined in file [D:\intexsoft-project\FishingHelper\fishing-helper\notification-service\target\classes\fishinghelper\notification_service\service\EmailService.class]: Unsatisfied dependency expressed through constructor parameter 0: No qualifying bean of type 'org.springframework.mail.javamail.JavaMailSender' available: expected at least 1 bean which qualifies as autowire candidate. Dependency annotations: {}
2024-08-01T00:08:14.789+03:00  INFO 23084 --- [admin-service] [main] j.LocalContainerEntityManagerFactoryBean : Closing JPA EntityManagerFactory for persistence unit 'default'
2024-08-01T00:08:14.792+03:00  INFO 23084 --- [admin-service] [main] com.zaxxer.hikari.HikariDataSource       : HikariPool-1 - Shutdown initiated...
2024-08-01T00:08:14.795+03:00  INFO 23084 --- [admin-service] [main] com.zaxxer.hikari.HikariDataSource       : HikariPool-1 - Shutdown completed.
2024-08-01T00:08:14.798+03:00  INFO 23084 --- [admin-service] [main] o.apache.catalina.core.StandardService   : Stopping service [Tomcat]
2024-08-01T00:08:14.812+03:00  INFO 23084 --- [admin-service] [main] .s.b.a.l.ConditionEvaluationReportLogger : 

Error starting ApplicationContext. To display the condition evaluation report re-run your application with 'debug' enabled.
2024-08-01T00:26:04.281+03:00  INFO 19356 --- [admin-service] [main] c.c.c.ConfigServicePropertySourceLocator : Fetching config from server at : http://localhost:8888
2024-08-01T00:26:05.187+03:00  INFO 19356 --- [admin-service] [main] c.c.c.ConfigServicePropertySourceLocator : Located environment: name=admin-service, profiles=[default], label=null, version=2ffe0139e23ed7baa85472385e3c23c71dc7f255, state=null
2024-08-01T00:26:05.189+03:00  INFO 19356 --- [admin-service] [main] b.c.PropertySourceBootstrapConfiguration : Located property source: [BootstrapPropertySource {name='bootstrapProperties-configClient'}, BootstrapPropertySource {name='bootstrapProperties-https://github.com/IlyaPetushok/config-server-fishing-helper.git/application.properties'}]
2024-08-01T00:26:05.202+03:00  INFO 19356 --- [admin-service] [main] f.admin_service.AdminServiceApplication  : No active profile set, falling back to 1 default profile: "default"
2024-08-01T00:26:05.214+03:00  INFO 19356 --- [admin-service] [main] o.s.c.c.c.ConfigServerConfigDataLoader   : Fetching config from server at : http://localhost:8888
2024-08-01T00:26:05.214+03:00  INFO 19356 --- [admin-service] [main] o.s.c.c.c.ConfigServerConfigDataLoader   : Located environment: name=admin-service, profiles=[default], label=null, version=2ffe0139e23ed7baa85472385e3c23c71dc7f255, state=null
2024-08-01T00:26:06.833+03:00  INFO 19356 --- [admin-service] [main] .s.d.r.c.RepositoryConfigurationDelegate : Multiple Spring Data modules found, entering strict repository configuration mode
2024-08-01T00:26:06.834+03:00  INFO 19356 --- [admin-service] [main] .s.d.r.c.RepositoryConfigurationDelegate : Bootstrapping Spring Data JPA repositories in DEFAULT mode.
2024-08-01T00:26:07.010+03:00  INFO 19356 --- [admin-service] [main] .s.d.r.c.RepositoryConfigurationDelegate : Finished Spring Data repository scanning in 167 ms. Found 15 JPA repository interfaces.
2024-08-01T00:26:07.015+03:00  INFO 19356 --- [admin-service] [main] .s.d.r.c.RepositoryConfigurationDelegate : Multiple Spring Data modules found, entering strict repository configuration mode
2024-08-01T00:26:07.015+03:00  INFO 19356 --- [admin-service] [main] .s.d.r.c.RepositoryConfigurationDelegate : Bootstrapping Spring Data Redis repositories in DEFAULT mode.
2024-08-01T00:26:07.039+03:00  INFO 19356 --- [admin-service] [main] .s.d.r.c.RepositoryConfigurationDelegate : Finished Spring Data repository scanning in 10 ms. Found 1 Redis repository interface.
2024-08-01T00:26:07.639+03:00  INFO 19356 --- [admin-service] [main] o.s.cloud.context.scope.GenericScope     : BeanFactory id=87516339-a832-3a9f-b050-367e5e64c975
2024-08-01T00:26:08.138+03:00  INFO 19356 --- [admin-service] [main] o.s.b.w.embedded.tomcat.TomcatWebServer  : Tomcat initialized with port 8082 (http)
2024-08-01T00:26:08.149+03:00  INFO 19356 --- [admin-service] [main] o.apache.catalina.core.StandardService   : Starting service [Tomcat]
2024-08-01T00:26:08.149+03:00  INFO 19356 --- [admin-service] [main] o.apache.catalina.core.StandardEngine    : Starting Servlet engine: [Apache Tomcat/10.1.26]
2024-08-01T00:26:08.237+03:00  INFO 19356 --- [admin-service] [main] o.a.c.c.C.[Tomcat].[localhost].[/]       : Initializing Spring embedded WebApplicationContext
2024-08-01T00:26:08.238+03:00  INFO 19356 --- [admin-service] [main] w.s.c.ServletWebServerApplicationContext : Root WebApplicationContext: initialization completed in 3024 ms
2024-08-01T00:26:08.386+03:00  INFO 19356 --- [admin-service] [main] com.zaxxer.hikari.HikariDataSource       : HikariPool-1 - Starting...
2024-08-01T00:26:08.542+03:00  INFO 19356 --- [admin-service] [main] com.zaxxer.hikari.pool.HikariPool        : HikariPool-1 - Added connection org.postgresql.jdbc.PgConnection@702096ef
2024-08-01T00:26:08.544+03:00  INFO 19356 --- [admin-service] [main] com.zaxxer.hikari.HikariDataSource       : HikariPool-1 - Start completed.
2024-08-01T00:26:08.701+03:00  INFO 19356 --- [admin-service] [main] liquibase.database                       : Set default schema name to public
2024-08-01T00:26:09.517+03:00  INFO 19356 --- [admin-service] [main] liquibase.changelog                      : Reading from public.databasechangelog
2024-08-01T00:26:09.611+03:00  INFO 19356 --- [admin-service] [main] liquibase.ui                             : Database is up to date, no changesets to execute
2024-08-01T00:26:09.614+03:00  INFO 19356 --- [admin-service] [main] liquibase.changelog                      : Reading from public.databasechangelog
2024-08-01T00:26:09.633+03:00  INFO 19356 --- [admin-service] [main] liquibase.util                           : UPDATE SUMMARY
2024-08-01T00:26:09.633+03:00  INFO 19356 --- [admin-service] [main] liquibase.util                           : Run:                          0
2024-08-01T00:26:09.633+03:00  INFO 19356 --- [admin-service] [main] liquibase.util                           : Previously run:              25
2024-08-01T00:26:09.633+03:00  INFO 19356 --- [admin-service] [main] liquibase.util                           : Filtered out:                 0
2024-08-01T00:26:09.634+03:00  INFO 19356 --- [admin-service] [main] liquibase.util                           : -------------------------------
2024-08-01T00:26:09.634+03:00  INFO 19356 --- [admin-service] [main] liquibase.util                           : Total change sets:           25
2024-08-01T00:26:09.634+03:00  INFO 19356 --- [admin-service] [main] liquibase.util                           : Update summary generated
2024-08-01T00:26:09.660+03:00  INFO 19356 --- [admin-service] [main] liquibase.lockservice                    : Successfully released change log lock
2024-08-01T00:26:09.663+03:00  INFO 19356 --- [admin-service] [main] liquibase.command                        : Command execution complete
2024-08-01T00:26:09.754+03:00  INFO 19356 --- [admin-service] [main] o.hibernate.jpa.internal.util.LogHelper  : HHH000204: Processing PersistenceUnitInfo [name: default]
2024-08-01T00:26:09.823+03:00  INFO 19356 --- [admin-service] [main] org.hibernate.Version                    : HHH000412: Hibernate ORM core version 6.5.2.Final
2024-08-01T00:26:09.868+03:00  INFO 19356 --- [admin-service] [main] o.h.c.internal.RegionFactoryInitiator    : HHH000026: Second-level cache disabled
2024-08-01T00:26:10.101+03:00  INFO 19356 --- [admin-service] [main] o.s.o.j.p.SpringPersistenceUnitInfo      : No LoadTimeWeaver setup: ignoring JPA class transformer
2024-08-01T00:26:10.142+03:00  WARN 19356 --- [admin-service] [main] org.hibernate.orm.deprecation            : HHH90000025: PostgreSQLDialect does not need to be specified explicitly using 'hibernate.dialect' (remove the property setting and it will be selected by default)
2024-08-01T00:26:11.421+03:00  INFO 19356 --- [admin-service] [main] o.h.e.t.j.p.i.JtaPlatformInitiator       : HHH000489: No JTA platform available (set 'hibernate.transaction.jta.platform' to enable JTA platform integration)
2024-08-01T00:26:11.424+03:00  INFO 19356 --- [admin-service] [main] j.LocalContainerEntityManagerFactoryBean : Initialized JPA EntityManagerFactory for persistence unit 'default'
2024-08-01T00:26:12.148+03:00  INFO 19356 --- [admin-service] [main] o.s.d.j.r.query.QueryEnhancerFactory     : Hibernate is in classpath; If applicable, HQL parser will be used.
2024-08-01T00:26:12.539+03:00  WARN 19356 --- [admin-service] [main] ConfigServletWebServerApplicationContext : Exception encountered during context initialization - cancelling refresh attempt: org.springframework.beans.factory.UnsatisfiedDependencyException: Error creating bean with name 'emailService' defined in file [D:\intexsoft-project\FishingHelper\fishing-helper\notification-service\target\classes\fishinghelper\notification_service\service\EmailService.class]: Unsatisfied dependency expressed through constructor parameter 0: No qualifying bean of type 'org.springframework.mail.javamail.JavaMailSender' available: expected at least 1 bean which qualifies as autowire candidate. Dependency annotations: {}
2024-08-01T00:26:12.541+03:00  INFO 19356 --- [admin-service] [main] j.LocalContainerEntityManagerFactoryBean : Closing JPA EntityManagerFactory for persistence unit 'default'
2024-08-01T00:26:12.543+03:00  INFO 19356 --- [admin-service] [main] com.zaxxer.hikari.HikariDataSource       : HikariPool-1 - Shutdown initiated...
2024-08-01T00:26:12.545+03:00  INFO 19356 --- [admin-service] [main] com.zaxxer.hikari.HikariDataSource       : HikariPool-1 - Shutdown completed.
2024-08-01T00:26:12.547+03:00  INFO 19356 --- [admin-service] [main] o.apache.catalina.core.StandardService   : Stopping service [Tomcat]
2024-08-01T00:26:12.560+03:00  INFO 19356 --- [admin-service] [main] .s.b.a.l.ConditionEvaluationReportLogger : 

Error starting ApplicationContext. To display the condition evaluation report re-run your application with 'debug' enabled.
2024-08-01T00:29:36.710+03:00  INFO 12792 --- [admin-service] [main] c.c.c.ConfigServicePropertySourceLocator : Fetching config from server at : http://localhost:8888
2024-08-01T00:29:37.590+03:00  INFO 12792 --- [admin-service] [main] c.c.c.ConfigServicePropertySourceLocator : Located environment: name=admin-service, profiles=[default], label=null, version=2ffe0139e23ed7baa85472385e3c23c71dc7f255, state=null
2024-08-01T00:29:37.591+03:00  INFO 12792 --- [admin-service] [main] b.c.PropertySourceBootstrapConfiguration : Located property source: [BootstrapPropertySource {name='bootstrapProperties-configClient'}, BootstrapPropertySource {name='bootstrapProperties-https://github.com/IlyaPetushok/config-server-fishing-helper.git/application.properties'}]
2024-08-01T00:29:37.604+03:00  INFO 12792 --- [admin-service] [main] f.admin_service.AdminServiceApplication  : No active profile set, falling back to 1 default profile: "default"
2024-08-01T00:29:37.616+03:00  INFO 12792 --- [admin-service] [main] o.s.c.c.c.ConfigServerConfigDataLoader   : Fetching config from server at : http://localhost:8888
2024-08-01T00:29:37.617+03:00  INFO 12792 --- [admin-service] [main] o.s.c.c.c.ConfigServerConfigDataLoader   : Located environment: name=admin-service, profiles=[default], label=null, version=2ffe0139e23ed7baa85472385e3c23c71dc7f255, state=null
2024-08-01T00:29:38.201+03:00  INFO 12792 --- [admin-service] [main] .s.d.r.c.RepositoryConfigurationDelegate : Multiple Spring Data modules found, entering strict repository configuration mode
2024-08-01T00:29:38.202+03:00  INFO 12792 --- [admin-service] [main] .s.d.r.c.RepositoryConfigurationDelegate : Bootstrapping Spring Data JPA repositories in DEFAULT mode.
2024-08-01T00:29:38.297+03:00  INFO 12792 --- [admin-service] [main] .s.d.r.c.RepositoryConfigurationDelegate : Finished Spring Data repository scanning in 88 ms. Found 15 JPA repository interfaces.
2024-08-01T00:29:38.300+03:00  INFO 12792 --- [admin-service] [main] .s.d.r.c.RepositoryConfigurationDelegate : Multiple Spring Data modules found, entering strict repository configuration mode
2024-08-01T00:29:38.300+03:00  INFO 12792 --- [admin-service] [main] .s.d.r.c.RepositoryConfigurationDelegate : Bootstrapping Spring Data Redis repositories in DEFAULT mode.
2024-08-01T00:29:38.316+03:00  INFO 12792 --- [admin-service] [main] .s.d.r.c.RepositoryConfigurationDelegate : Finished Spring Data repository scanning in 6 ms. Found 1 Redis repository interface.
2024-08-01T00:29:38.824+03:00  INFO 12792 --- [admin-service] [main] o.s.cloud.context.scope.GenericScope     : BeanFactory id=87516339-a832-3a9f-b050-367e5e64c975
2024-08-01T00:29:39.209+03:00  INFO 12792 --- [admin-service] [main] o.s.b.w.embedded.tomcat.TomcatWebServer  : Tomcat initialized with port 8082 (http)
2024-08-01T00:29:39.218+03:00  INFO 12792 --- [admin-service] [main] o.apache.catalina.core.StandardService   : Starting service [Tomcat]
2024-08-01T00:29:39.219+03:00  INFO 12792 --- [admin-service] [main] o.apache.catalina.core.StandardEngine    : Starting Servlet engine: [Apache Tomcat/10.1.26]
2024-08-01T00:29:39.302+03:00  INFO 12792 --- [admin-service] [main] o.a.c.c.C.[Tomcat].[localhost].[/]       : Initializing Spring embedded WebApplicationContext
2024-08-01T00:29:39.302+03:00  INFO 12792 --- [admin-service] [main] w.s.c.ServletWebServerApplicationContext : Root WebApplicationContext: initialization completed in 1685 ms
2024-08-01T00:29:39.447+03:00  INFO 12792 --- [admin-service] [main] com.zaxxer.hikari.HikariDataSource       : HikariPool-1 - Starting...
2024-08-01T00:29:39.562+03:00  INFO 12792 --- [admin-service] [main] com.zaxxer.hikari.pool.HikariPool        : HikariPool-1 - Added connection org.postgresql.jdbc.PgConnection@24a3d414
2024-08-01T00:29:39.564+03:00  INFO 12792 --- [admin-service] [main] com.zaxxer.hikari.HikariDataSource       : HikariPool-1 - Start completed.
2024-08-01T00:29:39.676+03:00  INFO 12792 --- [admin-service] [main] liquibase.database                       : Set default schema name to public
2024-08-01T00:29:40.235+03:00  INFO 12792 --- [admin-service] [main] liquibase.changelog                      : Reading from public.databasechangelog
2024-08-01T00:29:40.328+03:00  INFO 12792 --- [admin-service] [main] liquibase.ui                             : Database is up to date, no changesets to execute
2024-08-01T00:29:40.332+03:00  INFO 12792 --- [admin-service] [main] liquibase.changelog                      : Reading from public.databasechangelog
2024-08-01T00:29:40.351+03:00  INFO 12792 --- [admin-service] [main] liquibase.util                           : UPDATE SUMMARY
2024-08-01T00:29:40.351+03:00  INFO 12792 --- [admin-service] [main] liquibase.util                           : Run:                          0
2024-08-01T00:29:40.351+03:00  INFO 12792 --- [admin-service] [main] liquibase.util                           : Previously run:              25
2024-08-01T00:29:40.351+03:00  INFO 12792 --- [admin-service] [main] liquibase.util                           : Filtered out:                 0
2024-08-01T00:29:40.351+03:00  INFO 12792 --- [admin-service] [main] liquibase.util                           : -------------------------------
2024-08-01T00:29:40.351+03:00  INFO 12792 --- [admin-service] [main] liquibase.util                           : Total change sets:           25
2024-08-01T00:29:40.352+03:00  INFO 12792 --- [admin-service] [main] liquibase.util                           : Update summary generated
2024-08-01T00:29:40.393+03:00  INFO 12792 --- [admin-service] [main] liquibase.lockservice                    : Successfully released change log lock
2024-08-01T00:29:40.396+03:00  INFO 12792 --- [admin-service] [main] liquibase.command                        : Command execution complete
2024-08-01T00:29:40.471+03:00  INFO 12792 --- [admin-service] [main] o.hibernate.jpa.internal.util.LogHelper  : HHH000204: Processing PersistenceUnitInfo [name: default]
2024-08-01T00:29:40.516+03:00  INFO 12792 --- [admin-service] [main] org.hibernate.Version                    : HHH000412: Hibernate ORM core version 6.5.2.Final
2024-08-01T00:29:40.551+03:00  INFO 12792 --- [admin-service] [main] o.h.c.internal.RegionFactoryInitiator    : HHH000026: Second-level cache disabled
2024-08-01T00:29:40.779+03:00  INFO 12792 --- [admin-service] [main] o.s.o.j.p.SpringPersistenceUnitInfo      : No LoadTimeWeaver setup: ignoring JPA class transformer
2024-08-01T00:29:40.818+03:00  WARN 12792 --- [admin-service] [main] org.hibernate.orm.deprecation            : HHH90000025: PostgreSQLDialect does not need to be specified explicitly using 'hibernate.dialect' (remove the property setting and it will be selected by default)
2024-08-01T00:29:41.944+03:00  INFO 12792 --- [admin-service] [main] o.h.e.t.j.p.i.JtaPlatformInitiator       : HHH000489: No JTA platform available (set 'hibernate.transaction.jta.platform' to enable JTA platform integration)
2024-08-01T00:29:41.948+03:00  INFO 12792 --- [admin-service] [main] j.LocalContainerEntityManagerFactoryBean : Initialized JPA EntityManagerFactory for persistence unit 'default'
2024-08-01T00:29:42.648+03:00  INFO 12792 --- [admin-service] [main] o.s.d.j.r.query.QueryEnhancerFactory     : Hibernate is in classpath; If applicable, HQL parser will be used.
2024-08-01T00:29:43.022+03:00  WARN 12792 --- [admin-service] [main] ConfigServletWebServerApplicationContext : Exception encountered during context initialization - cancelling refresh attempt: org.springframework.beans.factory.UnsatisfiedDependencyException: Error creating bean with name 'emailService' defined in file [D:\intexsoft-project\FishingHelper\fishing-helper\notification-service\target\classes\fishinghelper\notification_service\service\EmailService.class]: Unsatisfied dependency expressed through constructor parameter 0: No qualifying bean of type 'org.springframework.mail.javamail.JavaMailSender' available: expected at least 1 bean which qualifies as autowire candidate. Dependency annotations: {}
2024-08-01T00:29:43.025+03:00  INFO 12792 --- [admin-service] [main] j.LocalContainerEntityManagerFactoryBean : Closing JPA EntityManagerFactory for persistence unit 'default'
2024-08-01T00:29:43.026+03:00  INFO 12792 --- [admin-service] [main] com.zaxxer.hikari.HikariDataSource       : HikariPool-1 - Shutdown initiated...
2024-08-01T00:29:43.030+03:00  INFO 12792 --- [admin-service] [main] com.zaxxer.hikari.HikariDataSource       : HikariPool-1 - Shutdown completed.
2024-08-01T00:29:43.032+03:00  INFO 12792 --- [admin-service] [main] o.apache.catalina.core.StandardService   : Stopping service [Tomcat]
2024-08-01T00:29:43.045+03:00  INFO 12792 --- [admin-service] [main] .s.b.a.l.ConditionEvaluationReportLogger : 

Error starting ApplicationContext. To display the condition evaluation report re-run your application with 'debug' enabled.
2024-08-01T00:32:08.213+03:00  INFO 21744 --- [admin-service] [main] c.c.c.ConfigServicePropertySourceLocator : Fetching config from server at : http://localhost:8888
2024-08-01T00:32:09.040+03:00  INFO 21744 --- [admin-service] [main] c.c.c.ConfigServicePropertySourceLocator : Located environment: name=admin-service, profiles=[default], label=null, version=2ffe0139e23ed7baa85472385e3c23c71dc7f255, state=null
2024-08-01T00:32:09.041+03:00  INFO 21744 --- [admin-service] [main] b.c.PropertySourceBootstrapConfiguration : Located property source: [BootstrapPropertySource {name='bootstrapProperties-configClient'}, BootstrapPropertySource {name='bootstrapProperties-https://github.com/IlyaPetushok/config-server-fishing-helper.git/application.properties'}]
2024-08-01T00:32:09.052+03:00  INFO 21744 --- [admin-service] [main] f.admin_service.AdminServiceApplication  : No active profile set, falling back to 1 default profile: "default"
2024-08-01T00:32:09.063+03:00  INFO 21744 --- [admin-service] [main] o.s.c.c.c.ConfigServerConfigDataLoader   : Fetching config from server at : http://localhost:8888
2024-08-01T00:32:09.063+03:00  INFO 21744 --- [admin-service] [main] o.s.c.c.c.ConfigServerConfigDataLoader   : Located environment: name=admin-service, profiles=[default], label=null, version=2ffe0139e23ed7baa85472385e3c23c71dc7f255, state=null
2024-08-01T00:32:09.649+03:00  INFO 21744 --- [admin-service] [main] .s.d.r.c.RepositoryConfigurationDelegate : Multiple Spring Data modules found, entering strict repository configuration mode
2024-08-01T00:32:09.650+03:00  INFO 21744 --- [admin-service] [main] .s.d.r.c.RepositoryConfigurationDelegate : Bootstrapping Spring Data JPA repositories in DEFAULT mode.
2024-08-01T00:32:09.737+03:00  INFO 21744 --- [admin-service] [main] .s.d.r.c.RepositoryConfigurationDelegate : Finished Spring Data repository scanning in 80 ms. Found 15 JPA repository interfaces.
2024-08-01T00:32:09.740+03:00  INFO 21744 --- [admin-service] [main] .s.d.r.c.RepositoryConfigurationDelegate : Multiple Spring Data modules found, entering strict repository configuration mode
2024-08-01T00:32:09.740+03:00  INFO 21744 --- [admin-service] [main] .s.d.r.c.RepositoryConfigurationDelegate : Bootstrapping Spring Data Redis repositories in DEFAULT mode.
2024-08-01T00:32:09.757+03:00  INFO 21744 --- [admin-service] [main] .s.d.r.c.RepositoryConfigurationDelegate : Finished Spring Data repository scanning in 7 ms. Found 1 Redis repository interface.
2024-08-01T00:32:10.258+03:00  INFO 21744 --- [admin-service] [main] o.s.cloud.context.scope.GenericScope     : BeanFactory id=984b444b-5771-3dcb-a94b-bb13b3c8e6cb
2024-08-01T00:32:10.650+03:00  INFO 21744 --- [admin-service] [main] o.s.b.w.embedded.tomcat.TomcatWebServer  : Tomcat initialized with port 8082 (http)
2024-08-01T00:32:10.670+03:00  INFO 21744 --- [admin-service] [main] o.apache.catalina.core.StandardService   : Starting service [Tomcat]
2024-08-01T00:32:10.673+03:00  INFO 21744 --- [admin-service] [main] o.apache.catalina.core.StandardEngine    : Starting Servlet engine: [Apache Tomcat/10.1.26]
2024-08-01T00:32:10.747+03:00  INFO 21744 --- [admin-service] [main] o.a.c.c.C.[Tomcat].[localhost].[/]       : Initializing Spring embedded WebApplicationContext
2024-08-01T00:32:10.747+03:00  INFO 21744 --- [admin-service] [main] w.s.c.ServletWebServerApplicationContext : Root WebApplicationContext: initialization completed in 1684 ms
2024-08-01T00:32:10.894+03:00  INFO 21744 --- [admin-service] [main] com.zaxxer.hikari.HikariDataSource       : HikariPool-1 - Starting...
2024-08-01T00:32:11.035+03:00  INFO 21744 --- [admin-service] [main] com.zaxxer.hikari.pool.HikariPool        : HikariPool-1 - Added connection org.postgresql.jdbc.PgConnection@305aaedf
2024-08-01T00:32:11.037+03:00  INFO 21744 --- [admin-service] [main] com.zaxxer.hikari.HikariDataSource       : HikariPool-1 - Start completed.
2024-08-01T00:32:11.157+03:00  INFO 21744 --- [admin-service] [main] liquibase.database                       : Set default schema name to public
2024-08-01T00:32:11.728+03:00  INFO 21744 --- [admin-service] [main] liquibase.changelog                      : Reading from public.databasechangelog
2024-08-01T00:32:11.812+03:00  INFO 21744 --- [admin-service] [main] liquibase.ui                             : Database is up to date, no changesets to execute
2024-08-01T00:32:11.816+03:00  INFO 21744 --- [admin-service] [main] liquibase.changelog                      : Reading from public.databasechangelog
2024-08-01T00:32:11.834+03:00  INFO 21744 --- [admin-service] [main] liquibase.util                           : UPDATE SUMMARY
2024-08-01T00:32:11.834+03:00  INFO 21744 --- [admin-service] [main] liquibase.util                           : Run:                          0
2024-08-01T00:32:11.834+03:00  INFO 21744 --- [admin-service] [main] liquibase.util                           : Previously run:              25
2024-08-01T00:32:11.834+03:00  INFO 21744 --- [admin-service] [main] liquibase.util                           : Filtered out:                 0
2024-08-01T00:32:11.834+03:00  INFO 21744 --- [admin-service] [main] liquibase.util                           : -------------------------------
2024-08-01T00:32:11.834+03:00  INFO 21744 --- [admin-service] [main] liquibase.util                           : Total change sets:           25
2024-08-01T00:32:11.835+03:00  INFO 21744 --- [admin-service] [main] liquibase.util                           : Update summary generated
2024-08-01T00:32:11.860+03:00  INFO 21744 --- [admin-service] [main] liquibase.lockservice                    : Successfully released change log lock
2024-08-01T00:32:11.863+03:00  INFO 21744 --- [admin-service] [main] liquibase.command                        : Command execution complete
2024-08-01T00:32:11.951+03:00  INFO 21744 --- [admin-service] [main] o.hibernate.jpa.internal.util.LogHelper  : HHH000204: Processing PersistenceUnitInfo [name: default]
2024-08-01T00:32:12.004+03:00  INFO 21744 --- [admin-service] [main] org.hibernate.Version                    : HHH000412: Hibernate ORM core version 6.5.2.Final
2024-08-01T00:32:12.044+03:00  INFO 21744 --- [admin-service] [main] o.h.c.internal.RegionFactoryInitiator    : HHH000026: Second-level cache disabled
2024-08-01T00:32:12.269+03:00  INFO 21744 --- [admin-service] [main] o.s.o.j.p.SpringPersistenceUnitInfo      : No LoadTimeWeaver setup: ignoring JPA class transformer
2024-08-01T00:32:12.309+03:00  WARN 21744 --- [admin-service] [main] org.hibernate.orm.deprecation            : HHH90000025: PostgreSQLDialect does not need to be specified explicitly using 'hibernate.dialect' (remove the property setting and it will be selected by default)
2024-08-01T00:32:13.424+03:00  INFO 21744 --- [admin-service] [main] o.h.e.t.j.p.i.JtaPlatformInitiator       : HHH000489: No JTA platform available (set 'hibernate.transaction.jta.platform' to enable JTA platform integration)
2024-08-01T00:32:13.428+03:00  INFO 21744 --- [admin-service] [main] j.LocalContainerEntityManagerFactoryBean : Initialized JPA EntityManagerFactory for persistence unit 'default'
2024-08-01T00:32:14.142+03:00  INFO 21744 --- [admin-service] [main] o.s.d.j.r.query.QueryEnhancerFactory     : Hibernate is in classpath; If applicable, HQL parser will be used.
2024-08-01T00:32:14.821+03:00  WARN 21744 --- [admin-service] [main] JpaBaseConfiguration$JpaWebConfiguration : spring.jpa.open-in-view is enabled by default. Therefore, database queries may be performed during view rendering. Explicitly configure spring.jpa.open-in-view to disable this warning
2024-08-01T00:32:14.857+03:00  INFO 21744 --- [admin-service] [main] r$InitializeUserDetailsManagerConfigurer : Global AuthenticationManager configured with UserDetailsService bean with name customUserDetailService
2024-08-01T00:32:15.997+03:00  INFO 21744 --- [admin-service] [main] o.s.b.w.embedded.tomcat.TomcatWebServer  : Tomcat started on port 8082 (http) with context path '/'
2024-08-01T00:32:16.151+03:00  INFO 21744 --- [admin-service] [main] f.admin_service.AdminServiceApplication  : Started AdminServiceApplication in 10.363 seconds (process running for 11.349)
2024-08-01T00:32:20.095+03:00  INFO 21744 --- [admin-service] [http-nio-8082-exec-3] o.a.c.c.C.[Tomcat].[localhost].[/]       : Initializing Spring DispatcherServlet 'dispatcherServlet'
2024-08-01T00:32:20.095+03:00  INFO 21744 --- [admin-service] [http-nio-8082-exec-3] o.s.web.servlet.DispatcherServlet        : Initializing Servlet 'dispatcherServlet'
2024-08-01T00:32:20.096+03:00  INFO 21744 --- [admin-service] [http-nio-8082-exec-3] o.s.web.servlet.DispatcherServlet        : Completed initialization in 1 ms
2024-08-01T00:32:20.139+03:00 ERROR 21744 --- [admin-service] [http-nio-8082-exec-3] f.security_server.util.JwtFilter         : Token has expired: {}JWT expired at 2024-07-31T21:30:31Z. Current time: 2024-07-31T21:32:20Z, a difference of 109137 milliseconds.  Allowed clock skew: 0 milliseconds.
2024-08-01T00:32:20.142+03:00 ERROR 21744 --- [admin-service] [http-nio-8082-exec-3] o.a.c.c.C.[.[.[/].[dispatcherServlet]    : Servlet.service() for servlet [dispatcherServlet] in context with path [] threw exception

fishinghelper.security_server.exception.TokenExpiredException: null
	at fishinghelper.security_server.util.JwtFilter.doFilter(JwtFilter.java:75) ~[classes/:na]
	at org.springframework.security.web.FilterChainProxy$VirtualFilterChain.doFilter(FilterChainProxy.java:374) ~[spring-security-web-6.3.1.jar:6.3.1]
	at org.springframework.security.web.authentication.logout.LogoutFilter.doFilter(LogoutFilter.java:107) ~[spring-security-web-6.3.1.jar:6.3.1]
	at org.springframework.security.web.authentication.logout.LogoutFilter.doFilter(LogoutFilter.java:93) ~[spring-security-web-6.3.1.jar:6.3.1]
	at org.springframework.security.web.FilterChainProxy$VirtualFilterChain.doFilter(FilterChainProxy.java:374) ~[spring-security-web-6.3.1.jar:6.3.1]
	at org.springframework.web.filter.CorsFilter.doFilterInternal(CorsFilter.java:91) ~[spring-web-6.1.11.jar:6.1.11]
	at org.springframework.web.filter.OncePerRequestFilter.doFilter(OncePerRequestFilter.java:116) ~[spring-web-6.1.11.jar:6.1.11]
	at org.springframework.security.web.FilterChainProxy$VirtualFilterChain.doFilter(FilterChainProxy.java:374) ~[spring-security-web-6.3.1.jar:6.3.1]
	at org.springframework.security.web.header.HeaderWriterFilter.doHeadersAfter(HeaderWriterFilter.java:90) ~[spring-security-web-6.3.1.jar:6.3.1]
	at org.springframework.security.web.header.HeaderWriterFilter.doFilterInternal(HeaderWriterFilter.java:75) ~[spring-security-web-6.3.1.jar:6.3.1]
	at org.springframework.web.filter.OncePerRequestFilter.doFilter(OncePerRequestFilter.java:116) ~[spring-web-6.1.11.jar:6.1.11]
	at org.springframework.security.web.FilterChainProxy$VirtualFilterChain.doFilter(FilterChainProxy.java:374) ~[spring-security-web-6.3.1.jar:6.3.1]
	at org.springframework.security.web.context.SecurityContextHolderFilter.doFilter(SecurityContextHolderFilter.java:82) ~[spring-security-web-6.3.1.jar:6.3.1]
	at org.springframework.security.web.context.SecurityContextHolderFilter.doFilter(SecurityContextHolderFilter.java:69) ~[spring-security-web-6.3.1.jar:6.3.1]
	at org.springframework.security.web.FilterChainProxy$VirtualFilterChain.doFilter(FilterChainProxy.java:374) ~[spring-security-web-6.3.1.jar:6.3.1]
	at org.springframework.security.web.context.request.async.WebAsyncManagerIntegrationFilter.doFilterInternal(WebAsyncManagerIntegrationFilter.java:62) ~[spring-security-web-6.3.1.jar:6.3.1]
	at org.springframework.web.filter.OncePerRequestFilter.doFilter(OncePerRequestFilter.java:116) ~[spring-web-6.1.11.jar:6.1.11]
	at org.springframework.security.web.FilterChainProxy$VirtualFilterChain.doFilter(FilterChainProxy.java:374) ~[spring-security-web-6.3.1.jar:6.3.1]
	at org.springframework.security.web.session.DisableEncodeUrlFilter.doFilterInternal(DisableEncodeUrlFilter.java:42) ~[spring-security-web-6.3.1.jar:6.3.1]
	at org.springframework.web.filter.OncePerRequestFilter.doFilter(OncePerRequestFilter.java:116) ~[spring-web-6.1.11.jar:6.1.11]
	at org.springframework.security.web.FilterChainProxy$VirtualFilterChain.doFilter(FilterChainProxy.java:374) ~[spring-security-web-6.3.1.jar:6.3.1]
	at org.springframework.security.web.FilterChainProxy.doFilterInternal(FilterChainProxy.java:233) ~[spring-security-web-6.3.1.jar:6.3.1]
	at org.springframework.security.web.FilterChainProxy.doFilter(FilterChainProxy.java:191) ~[spring-security-web-6.3.1.jar:6.3.1]
	at org.springframework.web.filter.CompositeFilter$VirtualFilterChain.doFilter(CompositeFilter.java:113) ~[spring-web-6.1.11.jar:6.1.11]
	at org.springframework.web.servlet.handler.HandlerMappingIntrospector.lambda$createCacheFilter$3(HandlerMappingIntrospector.java:195) ~[spring-webmvc-6.1.11.jar:6.1.11]
	at org.springframework.web.filter.CompositeFilter$VirtualFilterChain.doFilter(CompositeFilter.java:113) ~[spring-web-6.1.11.jar:6.1.11]
	at org.springframework.web.filter.CompositeFilter.doFilter(CompositeFilter.java:74) ~[spring-web-6.1.11.jar:6.1.11]
	at org.springframework.security.config.annotation.web.configuration.WebMvcSecurityConfiguration$CompositeFilterChainProxy.doFilter(WebMvcSecurityConfiguration.java:230) ~[spring-security-config-6.3.1.jar:6.3.1]
	at org.springframework.web.filter.DelegatingFilterProxy.invokeDelegate(DelegatingFilterProxy.java:352) ~[spring-web-6.1.11.jar:6.1.11]
	at org.springframework.web.filter.DelegatingFilterProxy.doFilter(DelegatingFilterProxy.java:268) ~[spring-web-6.1.11.jar:6.1.11]
	at org.apache.catalina.core.ApplicationFilterChain.internalDoFilter(ApplicationFilterChain.java:164) ~[tomcat-embed-core-10.1.26.jar:10.1.26]
	at org.apache.catalina.core.ApplicationFilterChain.doFilter(ApplicationFilterChain.java:140) ~[tomcat-embed-core-10.1.26.jar:10.1.26]
	at org.springframework.web.filter.RequestContextFilter.doFilterInternal(RequestContextFilter.java:100) ~[spring-web-6.1.11.jar:6.1.11]
	at org.springframework.web.filter.OncePerRequestFilter.doFilter(OncePerRequestFilter.java:116) ~[spring-web-6.1.11.jar:6.1.11]
	at org.apache.catalina.core.ApplicationFilterChain.internalDoFilter(ApplicationFilterChain.java:164) ~[tomcat-embed-core-10.1.26.jar:10.1.26]
	at org.apache.catalina.core.ApplicationFilterChain.doFilter(ApplicationFilterChain.java:140) ~[tomcat-embed-core-10.1.26.jar:10.1.26]
	at org.springframework.web.filter.FormContentFilter.doFilterInternal(FormContentFilter.java:93) ~[spring-web-6.1.11.jar:6.1.11]
	at org.springframework.web.filter.OncePerRequestFilter.doFilter(OncePerRequestFilter.java:116) ~[spring-web-6.1.11.jar:6.1.11]
	at org.apache.catalina.core.ApplicationFilterChain.internalDoFilter(ApplicationFilterChain.java:164) ~[tomcat-embed-core-10.1.26.jar:10.1.26]
	at org.apache.catalina.core.ApplicationFilterChain.doFilter(ApplicationFilterChain.java:140) ~[tomcat-embed-core-10.1.26.jar:10.1.26]
	at org.springframework.web.filter.CharacterEncodingFilter.doFilterInternal(CharacterEncodingFilter.java:201) ~[spring-web-6.1.11.jar:6.1.11]
	at org.springframework.web.filter.OncePerRequestFilter.doFilter(OncePerRequestFilter.java:116) ~[spring-web-6.1.11.jar:6.1.11]
	at org.apache.catalina.core.ApplicationFilterChain.internalDoFilter(ApplicationFilterChain.java:164) ~[tomcat-embed-core-10.1.26.jar:10.1.26]
	at org.apache.catalina.core.ApplicationFilterChain.doFilter(ApplicationFilterChain.java:140) ~[tomcat-embed-core-10.1.26.jar:10.1.26]
	at org.apache.catalina.core.StandardWrapperValve.invoke(StandardWrapperValve.java:167) ~[tomcat-embed-core-10.1.26.jar:10.1.26]
	at org.apache.catalina.core.StandardContextValve.invoke(StandardContextValve.java:90) ~[tomcat-embed-core-10.1.26.jar:10.1.26]
	at org.apache.catalina.authenticator.AuthenticatorBase.invoke(AuthenticatorBase.java:483) ~[tomcat-embed-core-10.1.26.jar:10.1.26]
	at org.apache.catalina.core.StandardHostValve.invoke(StandardHostValve.java:115) ~[tomcat-embed-core-10.1.26.jar:10.1.26]
	at org.apache.catalina.valves.ErrorReportValve.invoke(ErrorReportValve.java:93) ~[tomcat-embed-core-10.1.26.jar:10.1.26]
	at org.apache.catalina.core.StandardEngineValve.invoke(StandardEngineValve.java:74) ~[tomcat-embed-core-10.1.26.jar:10.1.26]
	at org.apache.catalina.connector.CoyoteAdapter.service(CoyoteAdapter.java:344) ~[tomcat-embed-core-10.1.26.jar:10.1.26]
	at org.apache.coyote.http11.Http11Processor.service(Http11Processor.java:389) ~[tomcat-embed-core-10.1.26.jar:10.1.26]
	at org.apache.coyote.AbstractProcessorLight.process(AbstractProcessorLight.java:63) ~[tomcat-embed-core-10.1.26.jar:10.1.26]
	at org.apache.coyote.AbstractProtocol$ConnectionHandler.process(AbstractProtocol.java:904) ~[tomcat-embed-core-10.1.26.jar:10.1.26]
	at org.apache.tomcat.util.net.NioEndpoint$SocketProcessor.doRun(NioEndpoint.java:1741) ~[tomcat-embed-core-10.1.26.jar:10.1.26]
	at org.apache.tomcat.util.net.SocketProcessorBase.run(SocketProcessorBase.java:52) ~[tomcat-embed-core-10.1.26.jar:10.1.26]
	at org.apache.tomcat.util.threads.ThreadPoolExecutor.runWorker(ThreadPoolExecutor.java:1190) ~[tomcat-embed-core-10.1.26.jar:10.1.26]
	at org.apache.tomcat.util.threads.ThreadPoolExecutor$Worker.run(ThreadPoolExecutor.java:659) ~[tomcat-embed-core-10.1.26.jar:10.1.26]
	at org.apache.tomcat.util.threads.TaskThread$WrappingRunnable.run(TaskThread.java:63) ~[tomcat-embed-core-10.1.26.jar:10.1.26]
	at java.base/java.lang.Thread.run(Thread.java:833) ~[na:na]

2024-08-01T00:32:20.150+03:00 ERROR 21744 --- [admin-service] [http-nio-8082-exec-3] f.security_server.util.JwtFilter         : Token has expired: {}JWT expired at 2024-07-31T21:30:31Z. Current time: 2024-07-31T21:32:20Z, a difference of 109150 milliseconds.  Allowed clock skew: 0 milliseconds.
2024-08-01T00:32:20.151+03:00 ERROR 21744 --- [admin-service] [http-nio-8082-exec-3] o.a.c.c.C.[.[.[/].[dispatcherServlet]    : Servlet.service() for servlet [dispatcherServlet] threw exception

fishinghelper.security_server.exception.TokenExpiredException: null
	at fishinghelper.security_server.util.JwtFilter.doFilter(JwtFilter.java:75) ~[classes/:na]
	at org.springframework.security.web.FilterChainProxy$VirtualFilterChain.doFilter(FilterChainProxy.java:374) ~[spring-security-web-6.3.1.jar:6.3.1]
	at org.springframework.security.web.authentication.logout.LogoutFilter.doFilter(LogoutFilter.java:107) ~[spring-security-web-6.3.1.jar:6.3.1]
	at org.springframework.security.web.authentication.logout.LogoutFilter.doFilter(LogoutFilter.java:93) ~[spring-security-web-6.3.1.jar:6.3.1]
	at org.springframework.security.web.FilterChainProxy$VirtualFilterChain.doFilter(FilterChainProxy.java:374) ~[spring-security-web-6.3.1.jar:6.3.1]
	at org.springframework.web.filter.OncePerRequestFilter.doFilter(OncePerRequestFilter.java:101) ~[spring-web-6.1.11.jar:6.1.11]
	at org.springframework.security.web.FilterChainProxy$VirtualFilterChain.doFilter(FilterChainProxy.java:374) ~[spring-security-web-6.3.1.jar:6.3.1]
	at org.springframework.web.filter.OncePerRequestFilter.doFilter(OncePerRequestFilter.java:101) ~[spring-web-6.1.11.jar:6.1.11]
	at org.springframework.security.web.FilterChainProxy$VirtualFilterChain.doFilter(FilterChainProxy.java:374) ~[spring-security-web-6.3.1.jar:6.3.1]
	at org.springframework.security.web.context.SecurityContextHolderFilter.doFilter(SecurityContextHolderFilter.java:82) ~[spring-security-web-6.3.1.jar:6.3.1]
	at org.springframework.security.web.context.SecurityContextHolderFilter.doFilter(SecurityContextHolderFilter.java:69) ~[spring-security-web-6.3.1.jar:6.3.1]
	at org.springframework.security.web.FilterChainProxy$VirtualFilterChain.doFilter(FilterChainProxy.java:374) ~[spring-security-web-6.3.1.jar:6.3.1]
	at org.springframework.web.filter.OncePerRequestFilter.doFilter(OncePerRequestFilter.java:101) ~[spring-web-6.1.11.jar:6.1.11]
	at org.springframework.security.web.FilterChainProxy$VirtualFilterChain.doFilter(FilterChainProxy.java:374) ~[spring-security-web-6.3.1.jar:6.3.1]
	at org.springframework.web.filter.OncePerRequestFilter.doFilter(OncePerRequestFilter.java:101) ~[spring-web-6.1.11.jar:6.1.11]
	at org.springframework.security.web.FilterChainProxy$VirtualFilterChain.doFilter(FilterChainProxy.java:374) ~[spring-security-web-6.3.1.jar:6.3.1]
	at org.springframework.security.web.FilterChainProxy.doFilterInternal(FilterChainProxy.java:233) ~[spring-security-web-6.3.1.jar:6.3.1]
	at org.springframework.security.web.FilterChainProxy.doFilter(FilterChainProxy.java:191) ~[spring-security-web-6.3.1.jar:6.3.1]
	at org.springframework.web.filter.CompositeFilter$VirtualFilterChain.doFilter(CompositeFilter.java:113) ~[spring-web-6.1.11.jar:6.1.11]
	at org.springframework.web.servlet.handler.HandlerMappingIntrospector.lambda$createCacheFilter$3(HandlerMappingIntrospector.java:195) ~[spring-webmvc-6.1.11.jar:6.1.11]
	at org.springframework.web.filter.CompositeFilter$VirtualFilterChain.doFilter(CompositeFilter.java:113) ~[spring-web-6.1.11.jar:6.1.11]
	at org.springframework.web.filter.CompositeFilter.doFilter(CompositeFilter.java:74) ~[spring-web-6.1.11.jar:6.1.11]
	at org.springframework.security.config.annotation.web.configuration.WebMvcSecurityConfiguration$CompositeFilterChainProxy.doFilter(WebMvcSecurityConfiguration.java:230) ~[spring-security-config-6.3.1.jar:6.3.1]
	at org.springframework.web.filter.DelegatingFilterProxy.invokeDelegate(DelegatingFilterProxy.java:352) ~[spring-web-6.1.11.jar:6.1.11]
	at org.springframework.web.filter.DelegatingFilterProxy.doFilter(DelegatingFilterProxy.java:268) ~[spring-web-6.1.11.jar:6.1.11]
	at org.apache.catalina.core.ApplicationFilterChain.internalDoFilter(ApplicationFilterChain.java:164) ~[tomcat-embed-core-10.1.26.jar:10.1.26]
	at org.apache.catalina.core.ApplicationFilterChain.doFilter(ApplicationFilterChain.java:140) ~[tomcat-embed-core-10.1.26.jar:10.1.26]
	at org.springframework.web.filter.RequestContextFilter.doFilterInternal(RequestContextFilter.java:100) ~[spring-web-6.1.11.jar:6.1.11]
	at org.springframework.web.filter.OncePerRequestFilter.doFilter(OncePerRequestFilter.java:116) ~[spring-web-6.1.11.jar:6.1.11]
	at org.apache.catalina.core.ApplicationFilterChain.internalDoFilter(ApplicationFilterChain.java:164) ~[tomcat-embed-core-10.1.26.jar:10.1.26]
	at org.apache.catalina.core.ApplicationFilterChain.doFilter(ApplicationFilterChain.java:140) ~[tomcat-embed-core-10.1.26.jar:10.1.26]
	at org.springframework.web.filter.OncePerRequestFilter.doFilter(OncePerRequestFilter.java:101) ~[spring-web-6.1.11.jar:6.1.11]
	at org.apache.catalina.core.ApplicationFilterChain.internalDoFilter(ApplicationFilterChain.java:164) ~[tomcat-embed-core-10.1.26.jar:10.1.26]
	at org.apache.catalina.core.ApplicationFilterChain.doFilter(ApplicationFilterChain.java:140) ~[tomcat-embed-core-10.1.26.jar:10.1.26]
	at org.springframework.web.filter.OncePerRequestFilter.doFilter(OncePerRequestFilter.java:101) ~[spring-web-6.1.11.jar:6.1.11]
	at org.apache.catalina.core.ApplicationFilterChain.internalDoFilter(ApplicationFilterChain.java:164) ~[tomcat-embed-core-10.1.26.jar:10.1.26]
	at org.apache.catalina.core.ApplicationFilterChain.doFilter(ApplicationFilterChain.java:140) ~[tomcat-embed-core-10.1.26.jar:10.1.26]
	at org.apache.catalina.core.ApplicationDispatcher.invoke(ApplicationDispatcher.java:632) ~[tomcat-embed-core-10.1.26.jar:10.1.26]
	at org.apache.catalina.core.ApplicationDispatcher.processRequest(ApplicationDispatcher.java:410) ~[tomcat-embed-core-10.1.26.jar:10.1.26]
	at org.apache.catalina.core.ApplicationDispatcher.doForward(ApplicationDispatcher.java:330) ~[tomcat-embed-core-10.1.26.jar:10.1.26]
	at org.apache.catalina.core.ApplicationDispatcher.forward(ApplicationDispatcher.java:267) ~[tomcat-embed-core-10.1.26.jar:10.1.26]
	at org.apache.catalina.core.StandardHostValve.custom(StandardHostValve.java:362) ~[tomcat-embed-core-10.1.26.jar:10.1.26]
	at org.apache.catalina.core.StandardHostValve.status(StandardHostValve.java:222) ~[tomcat-embed-core-10.1.26.jar:10.1.26]
	at org.apache.catalina.core.StandardHostValve.throwable(StandardHostValve.java:308) ~[tomcat-embed-core-10.1.26.jar:10.1.26]
	at org.apache.catalina.core.StandardHostValve.invoke(StandardHostValve.java:149) ~[tomcat-embed-core-10.1.26.jar:10.1.26]
	at org.apache.catalina.valves.ErrorReportValve.invoke(ErrorReportValve.java:93) ~[tomcat-embed-core-10.1.26.jar:10.1.26]
	at org.apache.catalina.core.StandardEngineValve.invoke(StandardEngineValve.java:74) ~[tomcat-embed-core-10.1.26.jar:10.1.26]
	at org.apache.catalina.connector.CoyoteAdapter.service(CoyoteAdapter.java:344) ~[tomcat-embed-core-10.1.26.jar:10.1.26]
	at org.apache.coyote.http11.Http11Processor.service(Http11Processor.java:389) ~[tomcat-embed-core-10.1.26.jar:10.1.26]
	at org.apache.coyote.AbstractProcessorLight.process(AbstractProcessorLight.java:63) ~[tomcat-embed-core-10.1.26.jar:10.1.26]
	at org.apache.coyote.AbstractProtocol$ConnectionHandler.process(AbstractProtocol.java:904) ~[tomcat-embed-core-10.1.26.jar:10.1.26]
	at org.apache.tomcat.util.net.NioEndpoint$SocketProcessor.doRun(NioEndpoint.java:1741) ~[tomcat-embed-core-10.1.26.jar:10.1.26]
	at org.apache.tomcat.util.net.SocketProcessorBase.run(SocketProcessorBase.java:52) ~[tomcat-embed-core-10.1.26.jar:10.1.26]
	at org.apache.tomcat.util.threads.ThreadPoolExecutor.runWorker(ThreadPoolExecutor.java:1190) ~[tomcat-embed-core-10.1.26.jar:10.1.26]
	at org.apache.tomcat.util.threads.ThreadPoolExecutor$Worker.run(ThreadPoolExecutor.java:659) ~[tomcat-embed-core-10.1.26.jar:10.1.26]
	at org.apache.tomcat.util.threads.TaskThread$WrappingRunnable.run(TaskThread.java:63) ~[tomcat-embed-core-10.1.26.jar:10.1.26]
	at java.base/java.lang.Thread.run(Thread.java:833) ~[na:na]

2024-08-01T00:32:20.151+03:00 ERROR 21744 --- [admin-service] [http-nio-8082-exec-3] o.a.c.c.C.[Tomcat].[localhost]           : Exception Processing [ErrorPage[errorCode=0, location=/error]]

fishinghelper.security_server.exception.TokenExpiredException: null
	at fishinghelper.security_server.util.JwtFilter.doFilter(JwtFilter.java:75) ~[classes/:na]
	at org.springframework.security.web.FilterChainProxy$VirtualFilterChain.doFilter(FilterChainProxy.java:374) ~[spring-security-web-6.3.1.jar:6.3.1]
	at org.springframework.security.web.authentication.logout.LogoutFilter.doFilter(LogoutFilter.java:107) ~[spring-security-web-6.3.1.jar:6.3.1]
	at org.springframework.security.web.authentication.logout.LogoutFilter.doFilter(LogoutFilter.java:93) ~[spring-security-web-6.3.1.jar:6.3.1]
	at org.springframework.security.web.FilterChainProxy$VirtualFilterChain.doFilter(FilterChainProxy.java:374) ~[spring-security-web-6.3.1.jar:6.3.1]
	at org.springframework.web.filter.OncePerRequestFilter.doFilter(OncePerRequestFilter.java:101) ~[spring-web-6.1.11.jar:6.1.11]
	at org.springframework.security.web.FilterChainProxy$VirtualFilterChain.doFilter(FilterChainProxy.java:374) ~[spring-security-web-6.3.1.jar:6.3.1]
	at org.springframework.web.filter.OncePerRequestFilter.doFilter(OncePerRequestFilter.java:101) ~[spring-web-6.1.11.jar:6.1.11]
	at org.springframework.security.web.FilterChainProxy$VirtualFilterChain.doFilter(FilterChainProxy.java:374) ~[spring-security-web-6.3.1.jar:6.3.1]
	at org.springframework.security.web.context.SecurityContextHolderFilter.doFilter(SecurityContextHolderFilter.java:82) ~[spring-security-web-6.3.1.jar:6.3.1]
	at org.springframework.security.web.context.SecurityContextHolderFilter.doFilter(SecurityContextHolderFilter.java:69) ~[spring-security-web-6.3.1.jar:6.3.1]
	at org.springframework.security.web.FilterChainProxy$VirtualFilterChain.doFilter(FilterChainProxy.java:374) ~[spring-security-web-6.3.1.jar:6.3.1]
	at org.springframework.web.filter.OncePerRequestFilter.doFilter(OncePerRequestFilter.java:101) ~[spring-web-6.1.11.jar:6.1.11]
	at org.springframework.security.web.FilterChainProxy$VirtualFilterChain.doFilter(FilterChainProxy.java:374) ~[spring-security-web-6.3.1.jar:6.3.1]
	at org.springframework.web.filter.OncePerRequestFilter.doFilter(OncePerRequestFilter.java:101) ~[spring-web-6.1.11.jar:6.1.11]
	at org.springframework.security.web.FilterChainProxy$VirtualFilterChain.doFilter(FilterChainProxy.java:374) ~[spring-security-web-6.3.1.jar:6.3.1]
	at org.springframework.security.web.FilterChainProxy.doFilterInternal(FilterChainProxy.java:233) ~[spring-security-web-6.3.1.jar:6.3.1]
	at org.springframework.security.web.FilterChainProxy.doFilter(FilterChainProxy.java:191) ~[spring-security-web-6.3.1.jar:6.3.1]
	at org.springframework.web.filter.CompositeFilter$VirtualFilterChain.doFilter(CompositeFilter.java:113) ~[spring-web-6.1.11.jar:6.1.11]
	at org.springframework.web.servlet.handler.HandlerMappingIntrospector.lambda$createCacheFilter$3(HandlerMappingIntrospector.java:195) ~[spring-webmvc-6.1.11.jar:6.1.11]
	at org.springframework.web.filter.CompositeFilter$VirtualFilterChain.doFilter(CompositeFilter.java:113) ~[spring-web-6.1.11.jar:6.1.11]
	at org.springframework.web.filter.CompositeFilter.doFilter(CompositeFilter.java:74) ~[spring-web-6.1.11.jar:6.1.11]
	at org.springframework.security.config.annotation.web.configuration.WebMvcSecurityConfiguration$CompositeFilterChainProxy.doFilter(WebMvcSecurityConfiguration.java:230) ~[spring-security-config-6.3.1.jar:6.3.1]
	at org.springframework.web.filter.DelegatingFilterProxy.invokeDelegate(DelegatingFilterProxy.java:352) ~[spring-web-6.1.11.jar:6.1.11]
	at org.springframework.web.filter.DelegatingFilterProxy.doFilter(DelegatingFilterProxy.java:268) ~[spring-web-6.1.11.jar:6.1.11]
	at org.apache.catalina.core.ApplicationFilterChain.internalDoFilter(ApplicationFilterChain.java:164) ~[tomcat-embed-core-10.1.26.jar:10.1.26]
	at org.apache.catalina.core.ApplicationFilterChain.doFilter(ApplicationFilterChain.java:140) ~[tomcat-embed-core-10.1.26.jar:10.1.26]
	at org.springframework.web.filter.RequestContextFilter.doFilterInternal(RequestContextFilter.java:100) ~[spring-web-6.1.11.jar:6.1.11]
	at org.springframework.web.filter.OncePerRequestFilter.doFilter(OncePerRequestFilter.java:116) ~[spring-web-6.1.11.jar:6.1.11]
	at org.apache.catalina.core.ApplicationFilterChain.internalDoFilter(ApplicationFilterChain.java:164) ~[tomcat-embed-core-10.1.26.jar:10.1.26]
	at org.apache.catalina.core.ApplicationFilterChain.doFilter(ApplicationFilterChain.java:140) ~[tomcat-embed-core-10.1.26.jar:10.1.26]
	at org.springframework.web.filter.OncePerRequestFilter.doFilter(OncePerRequestFilter.java:101) ~[spring-web-6.1.11.jar:6.1.11]
	at org.apache.catalina.core.ApplicationFilterChain.internalDoFilter(ApplicationFilterChain.java:164) ~[tomcat-embed-core-10.1.26.jar:10.1.26]
	at org.apache.catalina.core.ApplicationFilterChain.doFilter(ApplicationFilterChain.java:140) ~[tomcat-embed-core-10.1.26.jar:10.1.26]
	at org.springframework.web.filter.OncePerRequestFilter.doFilter(OncePerRequestFilter.java:101) ~[spring-web-6.1.11.jar:6.1.11]
	at org.apache.catalina.core.ApplicationFilterChain.internalDoFilter(ApplicationFilterChain.java:164) ~[tomcat-embed-core-10.1.26.jar:10.1.26]
	at org.apache.catalina.core.ApplicationFilterChain.doFilter(ApplicationFilterChain.java:140) ~[tomcat-embed-core-10.1.26.jar:10.1.26]
	at org.apache.catalina.core.ApplicationDispatcher.invoke(ApplicationDispatcher.java:632) ~[tomcat-embed-core-10.1.26.jar:10.1.26]
	at org.apache.catalina.core.ApplicationDispatcher.processRequest(ApplicationDispatcher.java:410) ~[tomcat-embed-core-10.1.26.jar:10.1.26]
	at org.apache.catalina.core.ApplicationDispatcher.doForward(ApplicationDispatcher.java:330) ~[tomcat-embed-core-10.1.26.jar:10.1.26]
	at org.apache.catalina.core.ApplicationDispatcher.forward(ApplicationDispatcher.java:267) ~[tomcat-embed-core-10.1.26.jar:10.1.26]
	at org.apache.catalina.core.StandardHostValve.custom(StandardHostValve.java:362) ~[tomcat-embed-core-10.1.26.jar:10.1.26]
	at org.apache.catalina.core.StandardHostValve.status(StandardHostValve.java:222) ~[tomcat-embed-core-10.1.26.jar:10.1.26]
	at org.apache.catalina.core.StandardHostValve.throwable(StandardHostValve.java:308) ~[tomcat-embed-core-10.1.26.jar:10.1.26]
	at org.apache.catalina.core.StandardHostValve.invoke(StandardHostValve.java:149) ~[tomcat-embed-core-10.1.26.jar:10.1.26]
	at org.apache.catalina.valves.ErrorReportValve.invoke(ErrorReportValve.java:93) ~[tomcat-embed-core-10.1.26.jar:10.1.26]
	at org.apache.catalina.core.StandardEngineValve.invoke(StandardEngineValve.java:74) ~[tomcat-embed-core-10.1.26.jar:10.1.26]
	at org.apache.catalina.connector.CoyoteAdapter.service(CoyoteAdapter.java:344) ~[tomcat-embed-core-10.1.26.jar:10.1.26]
	at org.apache.coyote.http11.Http11Processor.service(Http11Processor.java:389) ~[tomcat-embed-core-10.1.26.jar:10.1.26]
	at org.apache.coyote.AbstractProcessorLight.process(AbstractProcessorLight.java:63) ~[tomcat-embed-core-10.1.26.jar:10.1.26]
	at org.apache.coyote.AbstractProtocol$ConnectionHandler.process(AbstractProtocol.java:904) ~[tomcat-embed-core-10.1.26.jar:10.1.26]
	at org.apache.tomcat.util.net.NioEndpoint$SocketProcessor.doRun(NioEndpoint.java:1741) ~[tomcat-embed-core-10.1.26.jar:10.1.26]
	at org.apache.tomcat.util.net.SocketProcessorBase.run(SocketProcessorBase.java:52) ~[tomcat-embed-core-10.1.26.jar:10.1.26]
	at org.apache.tomcat.util.threads.ThreadPoolExecutor.runWorker(ThreadPoolExecutor.java:1190) ~[tomcat-embed-core-10.1.26.jar:10.1.26]
	at org.apache.tomcat.util.threads.ThreadPoolExecutor$Worker.run(ThreadPoolExecutor.java:659) ~[tomcat-embed-core-10.1.26.jar:10.1.26]
	at org.apache.tomcat.util.threads.TaskThread$WrappingRunnable.run(TaskThread.java:63) ~[tomcat-embed-core-10.1.26.jar:10.1.26]
	at java.base/java.lang.Thread.run(Thread.java:833) ~[na:na]

2024-08-01T00:32:35.766+03:00  INFO 21744 --- [admin-service] [http-nio-8082-exec-2] f.security_server.util.JwtFilter         : token has not expire
2024-08-01T00:32:35.990+03:00  INFO 21744 --- [admin-service] [http-nio-8082-exec-2] f.security_server.util.JwtFilter         : token has not expire
2024-08-01T00:32:36.044+03:00  INFO 21744 --- [admin-service] [http-nio-8082-exec-2] f.a.service.impl.ModeratorServiceImpl    : Admin service start updating ARTICLE by status
2024-08-01T00:32:36.045+03:00  INFO 21744 --- [admin-service] [http-nio-8082-exec-2] f.a.service.impl.ModeratorServiceImpl    : ARTICLE approved
2024-08-01T00:32:40.296+03:00  INFO 21744 --- [admin-service] [http-nio-8082-exec-2] o.s.a.r.c.CachingConnectionFactory       : Attempting to connect to: localhost:5672
2024-08-01T00:32:40.317+03:00  INFO 21744 --- [admin-service] [http-nio-8082-exec-2] o.s.a.r.c.CachingConnectionFactory       : Created new connection: rabbitConnectionFactory#1263422a:0/SimpleConnection@219b6a3f [delegate=amqp://guest@127.0.0.1:5672/, localPort=60064]
2024-08-01T05:24:08.644+03:00  WARN 21744 --- [admin-service] [HikariPool-1 housekeeper] com.zaxxer.hikari.pool.HikariPool        : HikariPool-1 - Thread starvation or clock leap detected (housekeeper delta=3h25s707ms604s800ns).
2024-08-01T07:35:26.428+03:00  WARN 21744 --- [admin-service] [HikariPool-1 housekeeper] com.zaxxer.hikari.pool.HikariPool        : HikariPool-1 - Thread starvation or clock leap detected (housekeeper delta=2h11m22s398ms626s700ns).
2024-08-01T09:12:57.015+03:00  WARN 21744 --- [admin-service] [HikariPool-1 housekeeper] com.zaxxer.hikari.pool.HikariPool        : HikariPool-1 - Thread starvation or clock leap detected (housekeeper delta=53m59s874ms604s300ns).
2024-08-01T12:59:33.485+03:00  INFO 21744 --- [admin-service] [SpringApplicationShutdownHook] j.LocalContainerEntityManagerFactoryBean : Closing JPA EntityManagerFactory for persistence unit 'default'
2024-08-01T12:59:33.488+03:00  INFO 21744 --- [admin-service] [SpringApplicationShutdownHook] com.zaxxer.hikari.HikariDataSource       : HikariPool-1 - Shutdown initiated...
2024-08-01T12:59:33.490+03:00  INFO 21744 --- [admin-service] [SpringApplicationShutdownHook] com.zaxxer.hikari.HikariDataSource       : HikariPool-1 - Shutdown completed.
