2024-07-29T10:29:38.596+03:00  INFO 6940 --- [auth-service] [main] f.auth_service.AuthServiceApplication    : Starting AuthServiceApplication using Java 17 with PID 6940 (E:\Хуйня\try2\FishingHelper\fishing-helper\auth-service\target\classes started by Asus in E:\Хуйня\try2\FishingHelper\fishing-helper)
2024-07-29T10:29:38.608+03:00  INFO 6940 --- [auth-service] [main] f.auth_service.AuthServiceApplication    : No active profile set, falling back to 1 default profile: "default"
2024-07-29T10:29:38.641+03:00  INFO 6940 --- [auth-service] [main] o.s.c.c.c.ConfigServerConfigDataLoader   : Fetching config from server at : http://localhost:8888
2024-07-29T10:29:38.641+03:00  INFO 6940 --- [auth-service] [main] o.s.c.c.c.ConfigServerConfigDataLoader   : Located environment: name=auth-service, profiles=[default], label=null, version=7d481024b6ee55cedac266eb0e78178308493b98, state=null
2024-07-29T10:29:39.256+03:00  INFO 6940 --- [auth-service] [main] .s.d.r.c.RepositoryConfigurationDelegate : Multiple Spring Data modules found, entering strict repository configuration mode
2024-07-29T10:29:39.256+03:00  INFO 6940 --- [auth-service] [main] .s.d.r.c.RepositoryConfigurationDelegate : Bootstrapping Spring Data JPA repositories in DEFAULT mode.
2024-07-29T10:29:39.344+03:00  INFO 6940 --- [auth-service] [main] .s.d.r.c.RepositoryConfigurationDelegate : Finished Spring Data repository scanning in 80 ms. Found 15 JPA repository interfaces.
2024-07-29T10:29:39.346+03:00  INFO 6940 --- [auth-service] [main] .s.d.r.c.RepositoryConfigurationDelegate : Multiple Spring Data modules found, entering strict repository configuration mode
2024-07-29T10:29:39.346+03:00  INFO 6940 --- [auth-service] [main] .s.d.r.c.RepositoryConfigurationDelegate : Bootstrapping Spring Data Redis repositories in DEFAULT mode.
2024-07-29T10:29:39.362+03:00  INFO 6940 --- [auth-service] [main] .s.d.r.c.RepositoryConfigurationDelegate : Finished Spring Data repository scanning in 7 ms. Found 1 Redis repository interface.
2024-07-29T10:29:39.800+03:00  INFO 6940 --- [auth-service] [main] o.s.cloud.context.scope.GenericScope     : BeanFactory id=b4644e2e-3ba9-3456-a6f2-8baa63c840a8
2024-07-29T10:29:40.166+03:00  INFO 6940 --- [auth-service] [main] o.s.b.w.embedded.tomcat.TomcatWebServer  : Tomcat initialized with port 8081 (http)
2024-07-29T10:29:40.174+03:00  INFO 6940 --- [auth-service] [main] o.apache.catalina.core.StandardService   : Starting service [Tomcat]
2024-07-29T10:29:40.174+03:00  INFO 6940 --- [auth-service] [main] o.apache.catalina.core.StandardEngine    : Starting Servlet engine: [Apache Tomcat/10.1.26]
2024-07-29T10:29:40.234+03:00  INFO 6940 --- [auth-service] [main] o.a.c.c.C.[Tomcat].[localhost].[/]       : Initializing Spring embedded WebApplicationContext
2024-07-29T10:29:40.234+03:00  INFO 6940 --- [auth-service] [main] w.s.c.ServletWebServerApplicationContext : Root WebApplicationContext: initialization completed in 1591 ms
2024-07-29T10:29:40.376+03:00  INFO 6940 --- [auth-service] [main] com.zaxxer.hikari.HikariDataSource       : HikariPool-1 - Starting...
2024-07-29T10:29:40.506+03:00  INFO 6940 --- [auth-service] [main] com.zaxxer.hikari.pool.HikariPool        : HikariPool-1 - Added connection org.postgresql.jdbc.PgConnection@7c5c20ed
2024-07-29T10:29:40.508+03:00  INFO 6940 --- [auth-service] [main] com.zaxxer.hikari.HikariDataSource       : HikariPool-1 - Start completed.
2024-07-29T10:29:40.622+03:00  INFO 6940 --- [auth-service] [main] liquibase.database                       : Set default schema name to public
2024-07-29T10:29:41.139+03:00  INFO 6940 --- [auth-service] [main] liquibase.changelog                      : Reading from public.databasechangelog
2024-07-29T10:29:41.220+03:00  INFO 6940 --- [auth-service] [main] liquibase.ui                             : Database is up to date, no changesets to execute
2024-07-29T10:29:41.224+03:00  INFO 6940 --- [auth-service] [main] liquibase.changelog                      : Reading from public.databasechangelog
2024-07-29T10:29:41.241+03:00  INFO 6940 --- [auth-service] [main] liquibase.util                           : UPDATE SUMMARY
2024-07-29T10:29:41.241+03:00  INFO 6940 --- [auth-service] [main] liquibase.util                           : Run:                          0
2024-07-29T10:29:41.241+03:00  INFO 6940 --- [auth-service] [main] liquibase.util                           : Previously run:              25
2024-07-29T10:29:41.241+03:00  INFO 6940 --- [auth-service] [main] liquibase.util                           : Filtered out:                 0
2024-07-29T10:29:41.241+03:00  INFO 6940 --- [auth-service] [main] liquibase.util                           : -------------------------------
2024-07-29T10:29:41.241+03:00  INFO 6940 --- [auth-service] [main] liquibase.util                           : Total change sets:           25
2024-07-29T10:29:41.242+03:00  INFO 6940 --- [auth-service] [main] liquibase.util                           : Update summary generated
2024-07-29T10:29:41.265+03:00  INFO 6940 --- [auth-service] [main] liquibase.lockservice                    : Successfully released change log lock
2024-07-29T10:29:41.267+03:00  INFO 6940 --- [auth-service] [main] liquibase.command                        : Command execution complete
2024-07-29T10:29:41.343+03:00  INFO 6940 --- [auth-service] [main] o.hibernate.jpa.internal.util.LogHelper  : HHH000204: Processing PersistenceUnitInfo [name: default]
2024-07-29T10:29:41.389+03:00  INFO 6940 --- [auth-service] [main] org.hibernate.Version                    : HHH000412: Hibernate ORM core version 6.5.2.Final
2024-07-29T10:29:41.425+03:00  INFO 6940 --- [auth-service] [main] o.h.c.internal.RegionFactoryInitiator    : HHH000026: Second-level cache disabled
2024-07-29T10:29:41.655+03:00  INFO 6940 --- [auth-service] [main] o.s.o.j.p.SpringPersistenceUnitInfo      : No LoadTimeWeaver setup: ignoring JPA class transformer
2024-07-29T10:29:41.690+03:00  WARN 6940 --- [auth-service] [main] org.hibernate.orm.deprecation            : HHH90000025: PostgreSQLDialect does not need to be specified explicitly using 'hibernate.dialect' (remove the property setting and it will be selected by default)
2024-07-29T10:29:42.716+03:00  INFO 6940 --- [auth-service] [main] o.h.e.t.j.p.i.JtaPlatformInitiator       : HHH000489: No JTA platform available (set 'hibernate.transaction.jta.platform' to enable JTA platform integration)
2024-07-29T10:29:42.719+03:00  INFO 6940 --- [auth-service] [main] j.LocalContainerEntityManagerFactoryBean : Initialized JPA EntityManagerFactory for persistence unit 'default'
2024-07-29T10:29:43.414+03:00  INFO 6940 --- [auth-service] [main] o.s.d.j.r.query.QueryEnhancerFactory     : Hibernate is in classpath; If applicable, HQL parser will be used.
2024-07-29T10:29:43.840+03:00  WARN 6940 --- [auth-service] [main] JpaBaseConfiguration$JpaWebConfiguration : spring.jpa.open-in-view is enabled by default. Therefore, database queries may be performed during view rendering. Explicitly configure spring.jpa.open-in-view to disable this warning
2024-07-29T10:29:43.874+03:00  INFO 6940 --- [auth-service] [main] r$InitializeUserDetailsManagerConfigurer : Global AuthenticationManager configured with UserDetailsService bean with name customUserDetailService
2024-07-29T10:29:44.843+03:00  INFO 6940 --- [auth-service] [main] o.s.b.w.embedded.tomcat.TomcatWebServer  : Tomcat started on port 8081 (http) with context path '/'
2024-07-29T10:29:45.002+03:00  INFO 6940 --- [auth-service] [main] f.auth_service.AuthServiceApplication    : Started AuthServiceApplication in 8.773 seconds (process running for 10.31)
2024-07-29T10:30:14.175+03:00  INFO 6940 --- [auth-service] [http-nio-8081-exec-1] o.a.c.c.C.[Tomcat].[localhost].[/]       : Initializing Spring DispatcherServlet 'dispatcherServlet'
2024-07-29T10:30:14.175+03:00  INFO 6940 --- [auth-service] [http-nio-8081-exec-1] o.s.web.servlet.DispatcherServlet        : Initializing Servlet 'dispatcherServlet'
2024-07-29T10:30:14.177+03:00  INFO 6940 --- [auth-service] [http-nio-8081-exec-1] o.s.web.servlet.DispatcherServlet        : Completed initialization in 1 ms
2024-07-29T10:30:15.129+03:00  INFO 6940 --- [auth-service] [http-nio-8081-exec-9] o.springdoc.api.AbstractOpenApiResource  : Init duration for springdoc-openapi is: 159 ms
2024-07-29T11:32:28.368+03:00  INFO 6940 --- [auth-service] [SpringApplicationShutdownHook] j.LocalContainerEntityManagerFactoryBean : Closing JPA EntityManagerFactory for persistence unit 'default'
2024-07-29T11:32:29.017+03:00  INFO 6940 --- [auth-service] [SpringApplicationShutdownHook] com.zaxxer.hikari.HikariDataSource       : HikariPool-1 - Shutdown initiated...
2024-07-29T11:32:29.088+03:00  INFO 6940 --- [auth-service] [SpringApplicationShutdownHook] com.zaxxer.hikari.HikariDataSource       : HikariPool-1 - Shutdown completed.
2024-07-29T15:20:44.039+03:00  INFO 33940 --- [auth-service] [main] f.auth_service.AuthServiceApplication    : Starting AuthServiceApplication using Java 17 with PID 33940 (E:\Хуйня\try2\FishingHelper\fishing-helper\auth-service\target\classes started by Asus in E:\Хуйня\try2\FishingHelper\fishing-helper)
2024-07-29T15:20:44.121+03:00  INFO 33940 --- [auth-service] [main] f.auth_service.AuthServiceApplication    : No active profile set, falling back to 1 default profile: "default"
2024-07-29T15:20:44.156+03:00  INFO 33940 --- [auth-service] [main] o.s.c.c.c.ConfigServerConfigDataLoader   : Fetching config from server at : http://localhost:8888
2024-07-29T15:20:44.157+03:00  INFO 33940 --- [auth-service] [main] o.s.c.c.c.ConfigServerConfigDataLoader   : Located environment: name=auth-service, profiles=[default], label=null, version=7d481024b6ee55cedac266eb0e78178308493b98, state=null
2024-07-29T15:20:45.016+03:00  INFO 33940 --- [auth-service] [main] .s.d.r.c.RepositoryConfigurationDelegate : Multiple Spring Data modules found, entering strict repository configuration mode
2024-07-29T15:20:45.016+03:00  INFO 33940 --- [auth-service] [main] .s.d.r.c.RepositoryConfigurationDelegate : Bootstrapping Spring Data JPA repositories in DEFAULT mode.
2024-07-29T15:20:45.132+03:00  INFO 33940 --- [auth-service] [main] .s.d.r.c.RepositoryConfigurationDelegate : Finished Spring Data repository scanning in 105 ms. Found 15 JPA repository interfaces.
2024-07-29T15:20:45.135+03:00  INFO 33940 --- [auth-service] [main] .s.d.r.c.RepositoryConfigurationDelegate : Multiple Spring Data modules found, entering strict repository configuration mode
2024-07-29T15:20:45.135+03:00  INFO 33940 --- [auth-service] [main] .s.d.r.c.RepositoryConfigurationDelegate : Bootstrapping Spring Data Redis repositories in DEFAULT mode.
2024-07-29T15:20:45.159+03:00  INFO 33940 --- [auth-service] [main] .s.d.r.c.RepositoryConfigurationDelegate : Finished Spring Data repository scanning in 9 ms. Found 1 Redis repository interface.
2024-07-29T15:20:45.659+03:00  INFO 33940 --- [auth-service] [main] o.s.cloud.context.scope.GenericScope     : BeanFactory id=b4644e2e-3ba9-3456-a6f2-8baa63c840a8
2024-07-29T15:20:46.098+03:00  INFO 33940 --- [auth-service] [main] o.s.b.w.embedded.tomcat.TomcatWebServer  : Tomcat initialized with port 8081 (http)
2024-07-29T15:20:46.108+03:00  INFO 33940 --- [auth-service] [main] o.apache.catalina.core.StandardService   : Starting service [Tomcat]
2024-07-29T15:20:46.108+03:00  INFO 33940 --- [auth-service] [main] o.apache.catalina.core.StandardEngine    : Starting Servlet engine: [Apache Tomcat/10.1.26]
2024-07-29T15:20:46.187+03:00  INFO 33940 --- [auth-service] [main] o.a.c.c.C.[Tomcat].[localhost].[/]       : Initializing Spring embedded WebApplicationContext
2024-07-29T15:20:46.188+03:00  INFO 33940 --- [auth-service] [main] w.s.c.ServletWebServerApplicationContext : Root WebApplicationContext: initialization completed in 2029 ms
2024-07-29T15:20:46.536+03:00  INFO 33940 --- [auth-service] [main] com.zaxxer.hikari.HikariDataSource       : HikariPool-1 - Starting...
2024-07-29T15:20:46.710+03:00  INFO 33940 --- [auth-service] [main] com.zaxxer.hikari.pool.HikariPool        : HikariPool-1 - Added connection org.postgresql.jdbc.PgConnection@1c6ac73c
2024-07-29T15:20:46.712+03:00  INFO 33940 --- [auth-service] [main] com.zaxxer.hikari.HikariDataSource       : HikariPool-1 - Start completed.
2024-07-29T15:20:46.885+03:00  INFO 33940 --- [auth-service] [main] liquibase.database                       : Set default schema name to public
2024-07-29T15:20:47.593+03:00  INFO 33940 --- [auth-service] [main] liquibase.changelog                      : Reading from public.databasechangelog
2024-07-29T15:20:47.875+03:00  INFO 33940 --- [auth-service] [main] liquibase.ui                             : Database is up to date, no changesets to execute
2024-07-29T15:20:47.879+03:00  INFO 33940 --- [auth-service] [main] liquibase.changelog                      : Reading from public.databasechangelog
2024-07-29T15:20:47.897+03:00  INFO 33940 --- [auth-service] [main] liquibase.util                           : UPDATE SUMMARY
2024-07-29T15:20:47.897+03:00  INFO 33940 --- [auth-service] [main] liquibase.util                           : Run:                          0
2024-07-29T15:20:47.897+03:00  INFO 33940 --- [auth-service] [main] liquibase.util                           : Previously run:              25
2024-07-29T15:20:47.897+03:00  INFO 33940 --- [auth-service] [main] liquibase.util                           : Filtered out:                 0
2024-07-29T15:20:47.897+03:00  INFO 33940 --- [auth-service] [main] liquibase.util                           : -------------------------------
2024-07-29T15:20:47.898+03:00  INFO 33940 --- [auth-service] [main] liquibase.util                           : Total change sets:           25
2024-07-29T15:20:47.898+03:00  INFO 33940 --- [auth-service] [main] liquibase.util                           : Update summary generated
2024-07-29T15:20:47.929+03:00  INFO 33940 --- [auth-service] [main] liquibase.lockservice                    : Successfully released change log lock
2024-07-29T15:20:47.933+03:00  INFO 33940 --- [auth-service] [main] liquibase.command                        : Command execution complete
2024-07-29T15:20:48.026+03:00  INFO 33940 --- [auth-service] [main] o.hibernate.jpa.internal.util.LogHelper  : HHH000204: Processing PersistenceUnitInfo [name: default]
2024-07-29T15:20:48.095+03:00  INFO 33940 --- [auth-service] [main] org.hibernate.Version                    : HHH000412: Hibernate ORM core version 6.5.2.Final
2024-07-29T15:20:48.147+03:00  INFO 33940 --- [auth-service] [main] o.h.c.internal.RegionFactoryInitiator    : HHH000026: Second-level cache disabled
2024-07-29T15:20:48.458+03:00  INFO 33940 --- [auth-service] [main] o.s.o.j.p.SpringPersistenceUnitInfo      : No LoadTimeWeaver setup: ignoring JPA class transformer
2024-07-29T15:20:48.510+03:00  WARN 33940 --- [auth-service] [main] org.hibernate.orm.deprecation            : HHH90000025: PostgreSQLDialect does not need to be specified explicitly using 'hibernate.dialect' (remove the property setting and it will be selected by default)
2024-07-29T15:20:49.825+03:00  INFO 33940 --- [auth-service] [main] o.h.e.t.j.p.i.JtaPlatformInitiator       : HHH000489: No JTA platform available (set 'hibernate.transaction.jta.platform' to enable JTA platform integration)
2024-07-29T15:20:49.831+03:00  INFO 33940 --- [auth-service] [main] j.LocalContainerEntityManagerFactoryBean : Initialized JPA EntityManagerFactory for persistence unit 'default'
2024-07-29T15:20:50.730+03:00  INFO 33940 --- [auth-service] [main] o.s.d.j.r.query.QueryEnhancerFactory     : Hibernate is in classpath; If applicable, HQL parser will be used.
2024-07-29T15:20:51.217+03:00  WARN 33940 --- [auth-service] [main] JpaBaseConfiguration$JpaWebConfiguration : spring.jpa.open-in-view is enabled by default. Therefore, database queries may be performed during view rendering. Explicitly configure spring.jpa.open-in-view to disable this warning
2024-07-29T15:20:51.256+03:00  INFO 33940 --- [auth-service] [main] r$InitializeUserDetailsManagerConfigurer : Global AuthenticationManager configured with UserDetailsService bean with name customUserDetailService
2024-07-29T15:20:52.452+03:00  INFO 33940 --- [auth-service] [main] o.s.b.w.embedded.tomcat.TomcatWebServer  : Tomcat started on port 8081 (http) with context path '/'
2024-07-29T15:20:52.633+03:00  INFO 33940 --- [auth-service] [main] f.auth_service.AuthServiceApplication    : Started AuthServiceApplication in 11.045 seconds (process running for 12.265)
2024-07-29T15:21:00.150+03:00  INFO 33940 --- [auth-service] [SpringApplicationShutdownHook] j.LocalContainerEntityManagerFactoryBean : Closing JPA EntityManagerFactory for persistence unit 'default'
2024-07-29T15:21:00.152+03:00  INFO 33940 --- [auth-service] [SpringApplicationShutdownHook] com.zaxxer.hikari.HikariDataSource       : HikariPool-1 - Shutdown initiated...
2024-07-29T15:21:00.156+03:00  INFO 33940 --- [auth-service] [SpringApplicationShutdownHook] com.zaxxer.hikari.HikariDataSource       : HikariPool-1 - Shutdown completed.
