2024-07-24T23:27:04.522+03:00  INFO 18740 --- [common-module] [main] f.common_module.CommonModuleApplication  : Starting CommonModuleApplication using Java 17 with PID 18740 (E:\Хуйня\try2\FishingHelper\fishing-helper\common-module\target\classes started by Asus in E:\Хуйня\try2\FishingHelper\fishing-helper)
2024-07-24T23:27:04.525+03:00  INFO 18740 --- [common-module] [main] f.common_module.CommonModuleApplication  : No active profile set, falling back to 1 default profile: "default"
2024-07-24T23:27:05.037+03:00  INFO 18740 --- [common-module] [main] .s.d.r.c.RepositoryConfigurationDelegate : Bootstrapping Spring Data JPA repositories in DEFAULT mode.
2024-07-24T23:27:05.112+03:00  INFO 18740 --- [common-module] [main] .s.d.r.c.RepositoryConfigurationDelegate : Finished Spring Data repository scanning in 66 ms. Found 15 JPA repository interfaces.
2024-07-24T23:27:05.681+03:00  INFO 18740 --- [common-module] [main] o.s.b.w.embedded.tomcat.TomcatWebServer  : Tomcat initialized with port 8080 (http)
2024-07-24T23:27:05.690+03:00  INFO 18740 --- [common-module] [main] o.apache.catalina.core.StandardService   : Starting service [Tomcat]
2024-07-24T23:27:05.690+03:00  INFO 18740 --- [common-module] [main] o.apache.catalina.core.StandardEngine    : Starting Servlet engine: [Apache Tomcat/10.1.26]
2024-07-24T23:27:05.741+03:00  INFO 18740 --- [common-module] [main] o.a.c.c.C.[Tomcat].[localhost].[/]       : Initializing Spring embedded WebApplicationContext
2024-07-24T23:27:05.741+03:00  INFO 18740 --- [common-module] [main] w.s.c.ServletWebServerApplicationContext : Root WebApplicationContext: initialization completed in 1176 ms
2024-07-24T23:27:05.785+03:00  WARN 18740 --- [common-module] [main] ConfigServletWebServerApplicationContext : Exception encountered during context initialization - cancelling refresh attempt: org.springframework.beans.factory.BeanCreationException: Error creating bean with name 'entityManagerFactory' defined in class path resource [org/springframework/boot/autoconfigure/orm/jpa/HibernateJpaConfiguration.class]: Failed to initialize dependency 'dataSourceScriptDatabaseInitializer' of LoadTimeWeaverAware bean 'entityManagerFactory': Error creating bean with name 'dataSourceScriptDatabaseInitializer' defined in class path resource [org/springframework/boot/autoconfigure/sql/init/DataSourceInitializationConfiguration.class]: Unsatisfied dependency expressed through method 'dataSourceScriptDatabaseInitializer' parameter 0: Error creating bean with name 'dataSource' defined in class path resource [org/springframework/boot/autoconfigure/jdbc/DataSourceConfiguration$Hikari.class]: Failed to instantiate [com.zaxxer.hikari.HikariDataSource]: Factory method 'dataSource' threw exception with message: Failed to determine a suitable driver class
2024-07-24T23:27:05.787+03:00  INFO 18740 --- [common-module] [main] o.apache.catalina.core.StandardService   : Stopping service [Tomcat]
2024-07-24T23:27:05.809+03:00  INFO 18740 --- [common-module] [main] .s.b.a.l.ConditionEvaluationReportLogger : 

Error starting ApplicationContext. To display the condition evaluation report re-run your application with 'debug' enabled.
2024-07-24T23:27:05.826+03:00 ERROR 18740 --- [common-module] [main] o.s.b.d.LoggingFailureAnalysisReporter   : 

***************************
APPLICATION FAILED TO START
***************************

Description:

Failed to configure a DataSource: 'url' attribute is not specified and no embedded datasource could be configured.

Reason: Failed to determine a suitable driver class


Action:

Consider the following:
	If you want an embedded database (H2, HSQL or Derby), please put it on the classpath.
	If you have database settings to be loaded from a particular profile you may need to activate it (no profiles are currently active).

